2009-09-28 16:03:26 [ Mon Sep 28 16:03:26 EAT 2009 Linux 2.6.30.5-43.fc11.i586 1.6.0_13 Sun Microsystems Inc. ]
2009-09-28 16:03:26 Starting encryption		[ OK ]
2009-09-28 16:03:31 18 results matched for "test" from ENGLISH
2009-09-28 16:03:37 Editing database entry from sampletest2  ffsampletest2 to sampletest2  ffsam pletest2
2009-09-28 16:03:37 Starting encryption		[ OK ]
2009-09-28 16:03:38 Editing ID: 57513
2009-09-28 16:03:38 Starting encryption		[ OK ]
2009-09-28 16:03:39 Starting encryption		[ OK ]
2009-09-28 16:03:39 Updated edit log
2009-09-28 16:03:39 18 results matched for "test" from ENGLISH
2009-09-28 16:04:04 Starting encryption		[ OK ]
2009-09-28 16:04:04 Posting: http://localhost:8084/kamusiproject/column=SwahiliWord&row=57513&update=sampletest2  ffsam pletest2&username=arthurbuliva&oldValue=sampletest2  ffsampletest2
2009-09-28 16:04:04 java.io.IOException: Server returned HTTP response code: 505 for URL: http://localhost:8084/kamusiproject/column=SwahiliWord&row=57513&update=sampletest2  ffsam pletest2&username=arthurbuliva&oldValue=sampletest2  ffsampletest2
2009-09-28 16:04:04 Starting encryption		[ OK ]
2009-09-28 16:04:04 SwahiliWord|sampletest2  ffsam pletest2|57513|arthurbuliva|sampletest2  ffsampletest2
2009-09-28 16:04:04 Databases synchronized successfully!
2009-09-28 16:04:04 Databases synchronized successfully!
2009-09-28 16:12:41 [ Mon Sep 28 16:12:41 EAT 2009 Linux 2.6.30.5-43.fc11.i586 1.6.0_13 Sun Microsystems Inc. ]
2009-09-28 16:12:41 Starting encryption		[ OK ]
2009-09-28 16:12:44 18 results matched for "test" from ENGLISH
2009-09-28 16:12:45 18 results matched for "test" from ENGLISH
2009-09-28 16:12:45 18 results matched for "test" from ENGLISH
2009-09-28 16:13:09 [ Mon Sep 28 16:13:09 EAT 2009 Linux 2.6.30.5-43.fc11.i586 1.6.0_13 Sun Microsystems Inc. ]
2009-09-28 16:13:10 Starting encryption		[ OK ]
2009-09-28 16:13:12 18 results matched for "test" from ENGLISH
2009-09-28 16:13:13 18 results matched for "test" from ENGLISH
2009-09-28 16:13:13 18 results matched for "test" from ENGLISH
2009-09-28 16:13:18 Editing database entry from sampletest2  ffsam pletest2 to sampletest2  ffs am pletest2
2009-09-28 16:13:18 Starting encryption		[ OK ]
2009-09-28 16:13:18 Editing ID: 57513
2009-09-28 16:13:18 Starting encryption		[ OK ]
2009-09-28 16:13:19 Starting encryption		[ OK ]
2009-09-28 16:13:19 Updated edit log
2009-09-28 16:13:19 18 results matched for "test" from ENGLISH
2009-09-28 16:13:29 Starting encryption		[ OK ]
2009-09-28 16:13:29 Posting: http://localhost:8084/kamusiproject/?column=SwahiliWord&row=57513&update=sampletest2  ffs am pletest2&username=arthurbuliva&oldValue=sampletest2  ffsam pletest2
2009-09-28 16:13:29 java.io.IOException: Server returned HTTP response code: 505 for URL: http://localhost:8084/kamusiproject/?column=SwahiliWord&row=57513&update=sampletest2  ffs am pletest2&username=arthurbuliva&oldValue=sampletest2  ffsam pletest2
2009-09-28 16:13:29 Starting encryption		[ OK ]
2009-09-28 16:13:29 SwahiliWord|sampletest2  ffs am pletest2|57513|arthurbuliva|sampletest2  ffsam pletest2
2009-09-28 16:13:29 Databases synchronized successfully!
2009-09-28 16:13:29 Databases synchronized successfully!
2009-09-28 16:14:15 18 results matched for "test" from ENGLISH
2009-09-28 16:14:19 Editing database entry from sampletest2  ffs am pletest2 to sample test2  ffs am pletest2
2009-09-28 16:14:19 Starting encryption		[ OK ]
2009-09-28 16:14:20 Editing ID: 57513
2009-09-28 16:14:20 Starting encryption		[ OK ]
2009-09-28 16:14:21 Starting encryption		[ OK ]
2009-09-28 16:14:21 Updated edit log
2009-09-28 16:14:21 18 results matched for "test" from ENGLISH
2009-09-28 16:14:30 Starting encryption		[ OK ]
2009-09-28 16:14:30 Posting: http://localhost:8084/kamusiproject/?column=SwahiliWord&row=57513&update=sample test2  ffs am pletest2&username=arthurbuliva&oldValue=sampletest2  ffs am pletest2
2009-09-28 16:14:30 java.io.IOException: Server returned HTTP response code: 505 for URL: http://localhost:8084/kamusiproject/?column=SwahiliWord&row=57513&update=sample test2  ffs am pletest2&username=arthurbuliva&oldValue=sampletest2  ffs am pletest2
2009-09-28 16:14:30 Starting encryption		[ OK ]
2009-09-28 16:14:30 SwahiliWord|sample test2  ffs am pletest2|57513|arthurbuliva|sampletest2  ffs am pletest2
2009-09-28 16:14:30 Databases synchronized successfully!
2009-09-28 16:14:30 Databases synchronized successfully!
2009-09-28 16:22:20 Fetching: http://localhost:8084/kamusiproject//fetchupdate.jsp?update=1254143670798
2009-09-28 16:22:25 Databases synchronized successfully!
2009-09-28 16:22:25 Databases synchronized successfully!
2009-09-28 17:06:06 [ Mon Sep 28 17:06:05 EAT 2009 Linux 2.6.30.5-43.fc11.i586 1.6.0_13 Sun Microsystems Inc. ]
2009-09-28 17:06:06 Starting encryption		[ OK ]
2009-09-28 17:06:10 18 results matched for "test" from ENGLISH
2009-09-28 17:06:11 18 results matched for "test" from ENGLISH
2009-09-28 17:06:11 18 results matched for "test" from ENGLISH
2009-09-28 17:06:15 Editing database entry from sample test2  ffs am pletest2 to sample test2  ffs am pl etest2
2009-09-28 17:06:15 Starting encryption		[ OK ]
2009-09-28 17:06:16 Editing ID: 57513
2009-09-28 17:06:16 Starting encryption		[ OK ]
2009-09-28 17:06:17 Starting encryption		[ OK ]
2009-09-28 17:06:17 Updated edit log
2009-09-28 17:06:17 18 results matched for "test" from ENGLISH
2009-09-28 17:06:25 Starting encryption		[ OK ]
2009-09-28 17:06:25 Posting: http://localhost:8084/kamusiproject/?column=SwahiliWord&row=57513&update=sample test2  ffs am pl etest2&username=arthurbuliva&oldValue=sample test2  ffs am pletest2
2009-09-28 17:06:25 java.io.IOException: Server returned HTTP response code: 505 for URL: http://localhost:8084/kamusiproject/?column=SwahiliWord&row=57513&update=sample test2  ffs am pl etest2&username=arthurbuliva&oldValue=sample test2  ffs am pletest2
2009-09-28 17:06:25 Starting encryption		[ OK ]
2009-09-28 17:06:25 SwahiliWord|sample test2  ffs am pl etest2|57513|arthurbuliva|sample test2  ffs am pletest2
2009-09-28 17:06:25 Databases synchronized successfully!
2009-09-28 17:06:25 Databases synchronized successfully!
2009-09-28 17:08:42 [ Mon Sep 28 17:08:42 EAT 2009 Linux 2.6.30.5-43.fc11.i586 1.6.0_13 Sun Microsystems Inc. ]
2009-09-28 17:08:42 Starting encryption		[ OK ]
2009-09-28 17:08:49 [ Mon Sep 28 17:08:49 EAT 2009 Linux 2.6.30.5-43.fc11.i586 1.6.0_13 Sun Microsystems Inc. ]
2009-09-28 17:08:49 Starting encryption		[ OK ]
2009-09-28 17:08:56 18 results matched for "test" from ENGLISH
2009-09-28 17:09:02 Editing database entry from sample test2  ffs am pl etest2 to sam ple test2  ffs am pl etest2
2009-09-28 17:09:02 Starting encryption		[ OK ]
2009-09-28 17:09:02 Editing ID: 57513
2009-09-28 17:09:02 Starting encryption		[ OK ]
2009-09-28 17:09:03 Starting encryption		[ OK ]
2009-09-28 17:09:03 Updated edit log
2009-09-28 17:09:03 18 results matched for "test" from ENGLISH
2009-09-28 17:09:08 Starting encryption		[ OK ]
2009-09-28 17:09:08 Posting: http://localhost:8084/kamusiproject/?column=SwahiliWord&row=57513&update=sam ple test2  ffs am pl etest2&username=arthurbuliva&oldValue=sample test2  ffs am pl etest2
2009-09-28 17:09:08 java.io.IOException: Server returned HTTP response code: 505 for URL: http://localhost:8084/kamusiproject/?column=SwahiliWord&row=57513&update=sam ple test2  ffs am pl etest2&username=arthurbuliva&oldValue=sample test2  ffs am pl etest2
2009-09-28 17:15:41 [ Mon Sep 28 17:15:41 EAT 2009 Linux 2.6.30.5-43.fc11.i586 1.6.0_13 Sun Microsystems Inc. ]
2009-09-28 17:15:41 Starting encryption		[ OK ]
2009-09-28 17:15:53 Starting encryption		[ OK ]
2009-09-28 17:15:53 Posting: http://pm.suuch.com:8080/kamusiproject/?column=SwahiliWord&row=57513&update=sam ple test2  ffs am pl etest2&username=arthurbuliva&oldValue=sample test2  ffs am pl etest2
2009-09-28 17:15:54 java.io.IOException: Server returned HTTP response code: 505 for URL: http://pm.suuch.com:8080/kamusiproject/?column=SwahiliWord&row=57513&update=sam ple test2  ffs am pl etest2&username=arthurbuliva&oldValue=sample test2  ffs am pl etest2
2009-09-28 17:16:30 [ Mon Sep 28 17:16:30 EAT 2009 Linux 2.6.30.5-43.fc11.i586 1.6.0_13 Sun Microsystems Inc. ]
2009-09-28 17:16:31 Starting encryption		[ OK ]
2009-09-28 17:16:38 Starting encryption		[ OK ]
2009-09-28 17:16:38 Posting: http://pm.suuch.com:8080/kamusiproject/?column=SwahiliWord&row=57513&update=sam ple test2  ffs am pl etest2&username=arthurbuliva&oldValue=sample test2  ffs am pl etest2
2009-09-28 17:16:39 java.io.IOException: Server returned HTTP response code: 505 for URL: http://pm.suuch.com:8080/kamusiproject/?column=SwahiliWord&row=57513&update=sam ple test2  ffs am pl etest2&username=arthurbuliva&oldValue=sample test2  ffs am pl etest2
2009-09-28 18:17:53 [ Mon Sep 28 18:17:53 EAT 2009 Linux 2.6.30.5-43.fc11.i586 1.6.0_13 Sun Microsystems Inc. ]
2009-09-28 18:17:54 Starting encryption		[ OK ]
2009-09-28 18:18:24 [ Mon Sep 28 18:18:24 EAT 2009 Linux 2.6.30.5-43.fc11.i586 1.6.0_13 Sun Microsystems Inc. ]
2009-09-28 18:18:24 Starting encryption		[ OK ]
2009-09-28 18:18:31 Starting encryption		[ OK ]
2009-09-28 18:18:31 Posting: column=SwahiliWord&update=sam+ple+test2++ffs+am+pl+etest2&row=57513&username=arthurbuliva&oldValue=sample+test2++ffs+am+pl+etest2
2009-09-28 18:18:31 Fetching: http://localhost:8084/kamusiproject//fetchupdate.jsp?update=1254146785315
2009-09-28 18:18:31 Databases synchronized successfully!
2009-09-28 18:18:31 Databases synchronized successfully!
