2009-12-09 09:46:33 [ Wed Dec 09 09:46:33 CAT 2009 Linux 2.6.31.6-145.fc12.i686 1.6.0_13 Sun Microsystems Inc. ]
2009-12-09 09:46:34 Starting encryption		[ OK ]
2009-12-09 09:46:39 1 results matched for "hi" from ENGLISH
2009-12-09 09:46:45 188 results matched for "hi*" from ENGLISH
2009-12-09 09:46:59 1 results matched for "*chy" from ENGLISH
2009-12-09 09:47:38 [ Wed Dec 09 09:47:38 CAT 2009 Linux 2.6.31.6-145.fc12.i686 1.6.0_13 Sun Microsystems Inc. ]
2009-12-09 09:47:38 Starting encryption		[ OK ]
2009-12-09 09:47:42 12 results matched for "retr*" from ENGLISH
2009-12-09 09:48:01 18 results matched for "fee" from ENGLISH
2009-12-09 09:48:01 4 results matched for "feed" from ENGLISH
2009-12-09 09:48:06 4 results matched for "feed" from ENGLISH
2009-12-09 09:48:08 4 results matched for "feed" from ENGLISH
2009-12-09 09:48:09 4 results matched for "feed" from ENGLISH
2009-12-09 09:48:10 4 results matched for "feed" from ENGLISH
2009-12-09 09:48:26 7 results matched for "*feed" from ENGLISH
2009-12-09 09:48:33 11 results matched for "*feed*" from ENGLISH
2009-12-09 09:54:56 1 results matched for "pub" from ENGLISH
2009-12-09 09:54:57 4 results matched for "publish" from ENGLISH
2009-12-09 09:56:21 18 results matched for "post" from ENGLISH
2009-12-09 10:22:55 65 results matched for "press" from ENGLISH
2009-12-09 10:23:01 6 results matched for "click" from ENGLISH
2009-12-09 10:42:15 3 results matched for "puku" from SWAHILI
2009-12-09 10:42:33 4 results matched for "mouse" from ENGLISH
2009-12-09 10:42:33 4 results matched for "mouse" from ENGLISH
2009-12-09 11:34:50 3 results matched for "wiz*" from ENGLISH
2009-12-09 11:41:48 3 results matched for "*wiz*" from ENGLISH
2009-12-09 11:41:50 3 results matched for "wiz*" from ENGLISH
2009-12-09 11:42:30 4 results matched for "lap" from ENGLISH
2009-12-09 11:42:39 8 results matched for "lap*" from ENGLISH
2009-12-09 11:43:32 3 results matched for "wiz*" from ENGLISH
2009-12-09 11:49:01 8 results matched for "wrap" from ENGLISH
2009-12-09 13:36:49 [ Wed Dec 09 13:36:49 CAT 2009 Linux 2.6.31.6-145.fc12.i686 1.6.0_13 Sun Microsystems Inc. ]
2009-12-09 13:36:49 Starting encryption		[ OK ]
2009-12-09 13:37:00 19 results matched for "test" from ENGLISH
2009-12-09 13:37:00 19 results matched for "test" from ENGLISH
2009-12-09 13:37:03 50 results matched for "test*" from ENGLISH
2009-12-09 13:37:06 19 results matched for "test" from ENGLISH
2009-12-09 13:37:12 19 results matched for "test" from ENGLISH
2009-12-09 13:37:13 19 results matched for "test" from ENGLISH
2009-12-09 13:37:13 19 results matched for "test" from ENGLISH
2009-12-09 13:37:15 19 results matched for "test" from ENGLISH
2009-12-09 13:37:19 6 results matched for "test" from SWAHILI
2009-12-09 13:37:24 3 results matched for "puku" from SWAHILI
2009-12-09 13:37:32 6 results matched for "test" from SWAHILI
2009-12-09 13:37:32 6 results matched for "test" from SWAHILI
2009-12-09 13:37:41 Editing database entry from sampletest2 to sampletest2345
2009-12-09 13:37:41 Starting encryption		[ OK ]
2009-12-09 13:37:41 Editing ID: 57513
2009-12-09 13:37:41 Starting encryption		[ OK ]
2009-12-09 13:37:46 Starting encryption		[ OK ]
2009-12-09 13:37:46 Updated edit log
2009-12-09 13:37:46 6 results matched for "test" from SWAHILI
2009-12-09 14:51:42 [ Wed Dec 09 14:51:42 CAT 2009 Linux 2.6.31.6-145.fc12.i686 1.6.0_13 Sun Microsystems Inc. ]
2009-12-09 14:51:43 Starting encryption		[ OK ]
2009-12-09 14:51:46 19 results matched for "test" from ENGLISH
2009-12-09 14:59:55 [ Wed Dec 09 14:59:55 CAT 2009 Linux 2.6.31.6-145.fc12.i686 1.6.0_13 Sun Microsystems Inc. ]
2009-12-09 14:59:56 Starting encryption		[ OK ]
2009-12-09 14:59:59 19 results matched for "test" from ENGLISH
2009-12-09 15:03:12 [ Wed Dec 09 15:03:12 CAT 2009 Linux 2.6.31.6-145.fc12.i686 1.6.0_13 Sun Microsystems Inc. ]
2009-12-09 15:03:13 Starting encryption		[ OK ]
2009-12-09 15:03:14 19 results matched for "test" from ENGLISH
2009-12-09 15:03:15 19 results matched for "test" from ENGLISH
2009-12-09 15:03:15 19 results matched for "test" from ENGLISH
2009-12-09 15:03:15 19 results matched for "test" from ENGLISH
2009-12-09 15:03:15 19 results matched for "test" from ENGLISH
2009-12-09 15:03:15 19 results matched for "test" from ENGLISH
2009-12-09 15:03:27 [ Wed Dec 09 15:03:27 CAT 2009 Linux 2.6.31.6-145.fc12.i686 1.6.0_13 Sun Microsystems Inc. ]
2009-12-09 15:03:27 Starting encryption		[ OK ]
2009-12-09 15:03:29 19 results matched for "test" from ENGLISH
2009-12-09 15:03:29 19 results matched for "test" from ENGLISH
2009-12-09 15:03:29 19 results matched for "test" from ENGLISH
2009-12-09 15:08:21 [ Wed Dec 09 15:08:21 CAT 2009 Linux 2.6.31.6-145.fc12.i686 1.6.0_13 Sun Microsystems Inc. ]
2009-12-09 15:08:21 Starting encryption		[ OK ]
2009-12-09 15:08:23 19 results matched for "test" from ENGLISH
2009-12-09 15:08:23 19 results matched for "test" from ENGLISH
2009-12-09 15:08:30 19 results matched for "test" from ENGLISH
2009-12-09 15:08:30 19 results matched for "test" from ENGLISH
2009-12-09 15:08:31 19 results matched for "test" from ENGLISH
2009-12-09 15:08:31 19 results matched for "test" from ENGLISH
2009-12-09 15:08:53 Editing database entry from Just a word used for tests to Just a word used for tests
2009-12-09 15:08:53 Starting encryption		[ OK ]
2009-12-09 15:08:53 Editing ID: 57513
2009-12-09 15:08:53 Starting encryption		[ OK ]
2009-12-09 15:08:53 No changes applied.
2009-12-09 15:08:53 19 results matched for "test" from ENGLISH
2009-12-09 15:09:51 [ Wed Dec 09 15:09:51 CAT 2009 Linux 2.6.31.6-145.fc12.i686 1.6.0_13 Sun Microsystems Inc. ]
2009-12-09 15:09:51 Starting encryption		[ OK ]
2009-12-09 15:09:52 19 results matched for "test" from ENGLISH
2009-12-09 15:09:53 19 results matched for "test" from ENGLISH
2009-12-09 15:10:14 [ Wed Dec 09 15:10:14 CAT 2009 Linux 2.6.31.6-145.fc12.i686 1.6.0_13 Sun Microsystems Inc. ]
2009-12-09 15:10:14 Starting encryption		[ OK ]
2009-12-09 15:10:16 19 results matched for "test" from ENGLISH
2009-12-09 15:10:16 19 results matched for "test" from ENGLISH
2009-12-09 15:10:16 19 results matched for "test" from ENGLISH
2009-12-09 15:10:25 [ Wed Dec 09 15:10:25 CAT 2009 Linux 2.6.31.6-145.fc12.i686 1.6.0_13 Sun Microsystems Inc. ]
2009-12-09 15:10:25 Starting encryption		[ OK ]
2009-12-09 15:10:27 19 results matched for "test" from ENGLISH
2009-12-09 15:10:27 19 results matched for "test" from ENGLISH
2009-12-09 15:10:48 [ Wed Dec 09 15:10:48 CAT 2009 Linux 2.6.31.6-145.fc12.i686 1.6.0_13 Sun Microsystems Inc. ]
2009-12-09 15:10:48 Starting encryption		[ OK ]
2009-12-09 15:10:50 19 results matched for "test" from ENGLISH
2009-12-09 15:10:50 19 results matched for "test" from ENGLISH
2009-12-09 15:10:59 [ Wed Dec 09 15:10:59 CAT 2009 Linux 2.6.31.6-145.fc12.i686 1.6.0_13 Sun Microsystems Inc. ]
2009-12-09 15:10:59 Starting encryption		[ OK ]
2009-12-09 15:11:01 19 results matched for "test" from ENGLISH
2009-12-09 15:11:01 19 results matched for "test" from ENGLISH
2009-12-09 15:11:01 19 results matched for "test" from ENGLISH
2009-12-09 15:11:10 [ Wed Dec 09 15:11:10 CAT 2009 Linux 2.6.31.6-145.fc12.i686 1.6.0_13 Sun Microsystems Inc. ]
2009-12-09 15:11:11 Starting encryption		[ OK ]
2009-12-09 15:11:12 19 results matched for "test" from ENGLISH
2009-12-09 15:11:13 19 results matched for "test" from ENGLISH
2009-12-09 15:11:13 19 results matched for "test" from ENGLISH
2009-12-09 15:11:57 [ Wed Dec 09 15:11:56 CAT 2009 Linux 2.6.31.6-145.fc12.i686 1.6.0_13 Sun Microsystems Inc. ]
2009-12-09 15:11:57 Starting encryption		[ OK ]
2009-12-09 15:11:59 19 results matched for "test" from ENGLISH
2009-12-09 15:11:59 19 results matched for "test" from ENGLISH
2009-12-09 15:12:05 19 results matched for "test" from ENGLISH
2009-12-09 15:12:53 [ Wed Dec 09 15:12:53 CAT 2009 Linux 2.6.31.6-145.fc12.i686 1.6.0_13 Sun Microsystems Inc. ]
2009-12-09 15:12:53 Starting encryption		[ OK ]
2009-12-09 15:12:56 19 results matched for "test" from ENGLISH
2009-12-09 15:12:56 19 results matched for "test" from ENGLISH
2009-12-09 15:13:14 19 results matched for "test" from ENGLISH
2009-12-09 15:13:14 19 results matched for "test" from ENGLISH
2009-12-09 15:15:15 [ Wed Dec 09 15:15:15 CAT 2009 Linux 2.6.31.6-145.fc12.i686 1.6.0_13 Sun Microsystems Inc. ]
2009-12-09 15:15:15 Starting encryption		[ OK ]
2009-12-09 15:15:18 19 results matched for "test" from ENGLISH
2009-12-09 15:15:18 19 results matched for "test" from ENGLISH
2009-12-09 15:15:23 [ Wed Dec 09 15:15:23 CAT 2009 Linux 2.6.31.6-145.fc12.i686 1.6.0_13 Sun Microsystems Inc. ]
2009-12-09 15:15:23 Starting encryption		[ OK ]
2009-12-09 15:15:25 19 results matched for "test" from ENGLISH
2009-12-09 15:15:26 19 results matched for "test" from ENGLISH
2009-12-09 15:16:05 [ Wed Dec 09 15:16:04 CAT 2009 Linux 2.6.31.6-145.fc12.i686 1.6.0_13 Sun Microsystems Inc. ]
2009-12-09 15:16:05 Starting encryption		[ OK ]
2009-12-09 15:16:07 19 results matched for "test" from ENGLISH
2009-12-09 15:16:07 19 results matched for "test" from ENGLISH
2009-12-09 15:16:12 19 results matched for "test" from ENGLISH
2009-12-09 15:17:03 [ Wed Dec 09 15:17:03 CAT 2009 Linux 2.6.31.6-145.fc12.i686 1.6.0_13 Sun Microsystems Inc. ]
2009-12-09 15:17:03 Starting encryption		[ OK ]
2009-12-09 15:17:08 428 results matched for "res*" from ENGLISH
2009-12-09 15:18:09 [ Wed Dec 09 15:18:09 CAT 2009 Linux 2.6.31.6-145.fc12.i686 1.6.0_13 Sun Microsystems Inc. ]
2009-12-09 15:18:09 Starting encryption		[ OK ]
2009-12-09 15:53:29 [ Wed Dec 09 15:53:29 CAT 2009 Linux 2.6.31.6-145.fc12.i686 1.6.0_13 Sun Microsystems Inc. ]
2009-12-09 15:53:29 Starting encryption		[ OK ]
2009-12-09 15:53:33 19 results matched for "test" from ENGLISH
2009-12-09 15:53:38 Editing database entry from testd to testd1
2009-12-09 15:53:38 Starting encryption		[ OK ]
2009-12-09 15:53:39 Editing ID: 104826
2009-12-09 15:53:39 Starting encryption		[ OK ]
2009-12-09 15:53:40 Starting encryption		[ OK ]
2009-12-09 15:53:40 Updated edit log
2009-12-09 15:53:40 19 results matched for "test" from ENGLISH
2009-12-09 15:53:56 Starting encryption		[ OK ]
2009-12-09 15:53:56 Posting: 636F6C756D6E3D53776168696C69576F7264267570646174653D706164726926726F773D333537353426757365726E616D653D61727468757262756C697661266F6C6456616C75653D5041445249
2009-12-09 15:54:00 java.net.ConnectException: Connection refused
2009-12-09 15:54:00 Starting encryption		[ OK ]
2009-12-09 15:54:00 SwahiliWord|padri|35754|arthurbuliva|PADRI
2009-12-09 15:54:00 Starting encryption		[ OK ]
2009-12-09 15:54:00 EnglishWord|sampletest2345|57513|arthurbuliva|sampletest2
2009-12-09 15:54:00 Starting encryption		[ OK ]
2009-12-09 15:54:00 SwahiliWord|testd1|104826|arthurbuliva|testd
2009-12-09 15:54:00 Databases synchronized successfully!
2009-12-09 15:54:00 Databases synchronized successfully!
2009-12-09 15:55:57 [ Wed Dec 09 15:55:57 CAT 2009 Linux 2.6.31.6-145.fc12.i686 1.6.0_13 Sun Microsystems Inc. ]
2009-12-09 15:55:58 Starting encryption		[ OK ]
2009-12-09 15:56:00 19 results matched for "test" from ENGLISH
2009-12-09 15:56:01 19 results matched for "test" from ENGLISH
2009-12-09 15:56:01 19 results matched for "test" from ENGLISH
2009-12-09 15:56:05 Editing database entry from testd1 to testd
2009-12-09 15:56:05 Starting encryption		[ OK ]
2009-12-09 15:56:05 Editing ID: 104826
2009-12-09 15:56:05 Starting encryption		[ OK ]
2009-12-09 15:56:05 19 results matched for "test" from ENGLISH
2009-12-09 15:56:06 Starting encryption		[ OK ]
2009-12-09 15:56:06 Updated edit log
2009-12-09 15:56:07 19 results matched for "test" from ENGLISH
2009-12-09 15:56:11 Starting encryption		[ OK ]
2009-12-09 15:56:12 Posting: 636F6C756D6E3D53776168696C69576F7264267570646174653D746573746426726F773D31303438323626757365726E616D653D61727468757262756C697661266F6C6456616C75653D746573746431
2009-12-09 15:56:12 java.net.ConnectException: Connection refused
2009-12-09 15:56:12 Starting encryption		[ OK ]
2009-12-09 15:56:12 SwahiliWord|testd|104826|arthurbuliva|testd1
2009-12-09 15:56:12 Databases synchronized successfully!
2009-12-09 15:56:12 Databases synchronized successfully!
2009-12-09 16:06:45 [ Wed Dec 09 16:06:45 CAT 2009 Linux 2.6.31.6-145.fc12.i686 1.6.0_13 Sun Microsystems Inc. ]
2009-12-09 16:06:45 Starting encryption		[ OK ]
2009-12-09 16:06:52 19 results matched for "test" from ENGLISH
2009-12-09 16:06:58 Editing database entry from testd to testd1
2009-12-09 16:06:58 Starting encryption		[ OK ]
2009-12-09 16:06:58 Editing ID: 104826
2009-12-09 16:06:58 Starting encryption		[ OK ]
2009-12-09 16:06:59 Starting encryption		[ OK ]
2009-12-09 16:06:59 Updated edit log
2009-12-09 16:06:59 19 results matched for "test" from ENGLISH
2009-12-09 16:07:05 Starting encryption		[ OK ]
2009-12-09 16:07:05 Posting: 636F6C756D6E3D53776168696C69576F7264267570646174653D74657374643126726F773D31303438323626757365726E616D653D61727468757262756C697661266F6C6456616C75653D7465737464
2009-12-09 16:07:10 java.net.ConnectException: Connection refused
2009-12-09 16:07:10 Starting encryption		[ OK ]
2009-12-09 16:07:10 SwahiliWord|testd1|104826|arthurbuliva|testd
2009-12-09 16:07:10 Databases synchronized successfully!
2009-12-09 16:07:10 Databases synchronized successfully!
2009-12-09 16:10:26 [ Wed Dec 09 16:10:26 CAT 2009 Linux 2.6.31.6-145.fc12.i686 1.6.0_13 Sun Microsystems Inc. ]
2009-12-09 16:10:26 Starting encryption		[ OK ]
2009-12-09 16:10:31 19 results matched for "test" from ENGLISH
2009-12-09 16:10:31 19 results matched for "test" from ENGLISH
2009-12-09 16:10:39 Editing database entry from testd1 to testd12
2009-12-09 16:10:39 Starting encryption		[ OK ]
2009-12-09 16:10:39 Editing ID: 104826
2009-12-09 16:10:39 Starting encryption		[ OK ]
2009-12-09 16:10:40 Starting encryption		[ OK ]
2009-12-09 16:10:40 Updated edit log
2009-12-09 16:10:40 19 results matched for "test" from ENGLISH
2009-12-09 16:10:46 Starting encryption		[ OK ]
2009-12-09 16:10:46 Posting: 636F6C756D6E3D53776168696C69576F7264267570646174653D7465737464313226726F773D31303438323626757365726E616D653D61727468757262756C697661266F6C6456616C75653D746573746431
2009-12-09 16:10:46 Fetching: http://localhost:8080/kamusiproject//fetchupdate.jsp?update=1260367630549
2009-12-09 16:10:46 Databases synchronized successfully!
2009-12-09 16:10:46 Databases synchronized successfully!
2009-12-09 16:15:30 19 results matched for "test" from ENGLISH
2009-12-09 16:15:30 19 results matched for "test" from ENGLISH
2009-12-09 16:15:41 19 results matched for "test" from ENGLISH
2009-12-09 16:15:41 19 results matched for "test" from ENGLISH
2009-12-09 16:15:42 19 results matched for "test" from ENGLISH
2009-12-09 16:15:43 19 results matched for "test" from ENGLISH
2009-12-09 16:15:47 19 results matched for "test" from ENGLISH
2009-12-09 16:16:08 Editing database entry from testd12 to testd12
2009-12-09 16:16:08 Starting encryption		[ OK ]
2009-12-09 16:16:08 Editing ID: 104826
2009-12-09 16:16:08 Starting encryption		[ OK ]
2009-12-09 16:16:08 No changes applied.
2009-12-09 16:16:09 19 results matched for "test" from ENGLISH
2009-12-09 16:16:13 Editing database entry from testd12 to testd12
2009-12-09 16:16:13 Starting encryption		[ OK ]
2009-12-09 16:16:13 Editing ID: 104826
2009-12-09 16:16:13 Starting encryption		[ OK ]
2009-12-09 16:16:13 No changes applied.
2009-12-09 16:16:13 19 results matched for "test" from ENGLISH
2009-12-09 16:16:32 [ Wed Dec 09 16:16:32 CAT 2009 Linux 2.6.31.6-145.fc12.i686 1.6.0_13 Sun Microsystems Inc. ]
2009-12-09 16:16:32 Starting encryption		[ OK ]
2009-12-09 16:16:36 19 results matched for "test" from ENGLISH
2009-12-09 16:16:36 19 results matched for "test" from ENGLISH
2009-12-09 16:16:42 Editing database entry from testd12 to testd12
2009-12-09 16:16:42 Starting encryption		[ OK ]
2009-12-09 16:16:42 Editing ID: 104826
2009-12-09 16:16:42 Starting encryption		[ OK ]
2009-12-09 16:16:42 No changes applied.
2009-12-09 16:16:42 19 results matched for "test" from ENGLISH
2009-12-09 16:16:52 Editing ID: 104826
2009-12-09 16:16:52 Deleting entries is not yet implemented
2009-12-09 16:16:54 19 results matched for "test" from ENGLISH
2009-12-09 16:17:21 Editing database entry from testd12 to testd1234
2009-12-09 16:17:21 Starting encryption		[ OK ]
2009-12-09 16:17:21 Editing ID: 104826
2009-12-09 16:17:21 Starting encryption		[ OK ]
2009-12-09 16:17:24 Starting encryption		[ OK ]
2009-12-09 16:17:24 Updated edit log
2009-12-09 16:17:24 19 results matched for "test" from ENGLISH
2009-12-09 16:17:59 Starting encryption		[ OK ]
2009-12-09 16:17:59 Posting: 636F6C756D6E3D53776168696C69576F7264267570646174653D74657374643132333426726F773D31303438323626757365726E616D653D61727468757262756C697661266F6C6456616C75653D74657374643132
2009-12-09 16:17:59 Fetching: http://localhost:8080/kamusiproject//fetchupdate.jsp?update=1260367846244
2009-12-09 16:17:59 Databases synchronized successfully!
2009-12-09 16:17:59 Databases synchronized successfully!
2009-12-09 16:24:23 19 results matched for "test" from ENGLISH
2009-12-09 16:24:30 19 results matched for "test" from ENGLISH
2009-12-09 16:24:31 19 results matched for "test" from ENGLISH
2009-12-09 16:24:33 19 results matched for "test" from ENGLISH
2009-12-09 16:27:00 50 results matched for "test*" from ENGLISH
2009-12-09 16:27:34 1 results matched for "visu" from SWAHILI
2009-12-09 16:27:52 61091 results matched for "*" from SWAHILI
2009-12-09 16:29:02 61091 results matched for "*" from SWAHILI
2009-12-09 16:29:36 23 results matched for "*b" from SWAHILI
2009-12-09 16:29:56 10087 results matched for "*b*" from SWAHILI
2009-12-09 16:32:10 23 results matched for "*b" from SWAHILI
2009-12-09 16:32:15 23 results matched for "*_b" from SWAHILI
2009-12-09 16:32:17 23 results matched for "*__b" from SWAHILI
2009-12-09 16:32:17 23 results matched for "*___b" from SWAHILI
2009-12-09 16:32:18 21 results matched for "*____b" from SWAHILI
2009-12-09 16:32:19 14 results matched for "*_____b" from SWAHILI
2009-12-09 16:32:21 13 results matched for "*______b" from SWAHILI
2009-12-09 16:32:27 11 results matched for "*_______b" from SWAHILI
2009-12-09 16:32:28 5 results matched for "*________b" from SWAHILI
2009-12-09 16:32:28 1 results matched for "*_________b" from SWAHILI
2009-12-09 16:32:30 5 results matched for "*________b" from SWAHILI
2009-12-09 16:32:30 11 results matched for "*_______b" from SWAHILI
2009-12-09 16:32:31 13 results matched for "*______b" from SWAHILI
2009-12-09 16:40:35 Editing database entry from  to dfkdfdfdfkdf
2009-12-09 16:40:35 Starting encryption		[ OK ]
2009-12-09 16:40:36 Starting encryption		[ OK ]
2009-12-09 16:40:41 13 results matched for "*______b" from SWAHILI
2009-12-09 16:44:52 13 results matched for "*______b" from SWAHILI
2009-12-09 16:45:24 4 results matched for "x*" from ENGLISH
2009-12-09 16:56:58 19 results matched for "test" from ENGLISH
2009-12-09 16:56:58 19 results matched for "test" from ENGLISH
2009-12-09 16:56:58 19 results matched for "test" from ENGLISH
2009-12-09 16:57:04 Editing database entry from testd1234 to testd
2009-12-09 16:57:04 Starting encryption		[ OK ]
2009-12-09 16:57:04 Editing ID: 104826
2009-12-09 16:57:04 Starting encryption		[ OK ]
2009-12-09 16:57:05 Starting encryption		[ OK ]
2009-12-09 16:57:05 Updated edit log
2009-12-09 16:57:05 19 results matched for "test" from ENGLISH
2009-12-09 16:57:11 Starting encryption		[ OK ]
2009-12-09 16:57:11 Posting: 636F6C756D6E3D53776168696C69576F7264267570646174653D746573746426726F773D31303438323626757365726E616D653D61727468757262756C697661266F6C6456616C75653D746573746431323334
2009-12-09 16:57:11 Fetching: http://localhost:8080/kamusiproject//fetchupdate.jsp?update=1260368279222
2009-12-09 16:57:11 Databases synchronized successfully!
2009-12-09 16:57:11 Databases synchronized successfully!
