2009-12-07 09:07:58 [ Mon Dec 07 09:07:58 CAT 2009 Linux 2.6.31.6-145.fc12.i686 1.6.0_13 Sun Microsystems Inc. ]
2009-12-07 09:07:58 Starting encryption		[ OK ]
2009-12-07 09:08:02 3 results matched for "as" from ENGLISH
2009-12-07 09:08:02 2 results matched for "ass" from ENGLISH
2009-12-07 09:08:15 java.lang.UnsupportedOperationException: Deleting entries is not yet implemented
2009-12-07 09:08:25 2 results matched for "ass" from ENGLISH
2009-12-07 09:14:22 [ Mon Dec 07 09:14:22 CAT 2009 Linux 2.6.31.6-145.fc12.i686 1.6.0_13 Sun Microsystems Inc. ]
2009-12-07 09:14:23 Starting encryption		[ OK ]
2009-12-07 09:14:30 5 results matched for "sex" from ENGLISH
2009-12-07 09:14:42 5 results matched for "sex" from ENGLISH
2009-12-07 09:14:45 5 results matched for "sex" from ENGLISH
2009-12-07 09:14:47 5 results matched for "sex" from ENGLISH
2009-12-07 09:14:51 5 results matched for "sex" from ENGLISH
2009-12-07 09:19:18 [ Mon Dec 07 09:19:18 CAT 2009 Linux 2.6.31.6-145.fc12.i686 1.6.0_13 Sun Microsystems Inc. ]
2009-12-07 09:19:19 Starting encryption		[ OK ]
2009-12-07 09:20:25 1854 results matched for "s*" from ENGLISH
2009-12-07 09:21:24 1854 results matched for "s*" from ENGLISH
2009-12-07 09:38:16 1854 results matched for "s*" from ENGLISH
2009-12-07 09:39:16 1854 results matched for "s*" from ENGLISH
2009-12-07 09:42:01 [ Mon Dec 07 09:42:01 CAT 2009 Linux 2.6.31.6-145.fc12.i686 1.6.0_13 Sun Microsystems Inc. ]
2009-12-07 09:42:01 Starting encryption		[ OK ]
2009-12-07 09:42:06 5 results matched for "sex" from ENGLISH
2009-12-07 09:42:11 6 results matched for "sex*" from ENGLISH
2009-12-07 09:42:11 6 results matched for "sex*" from ENGLISH
2009-12-07 09:42:14 5 results matched for "sex" from ENGLISH
2009-12-07 09:42:23 100 results matched for "se*" from ENGLISH
2009-12-07 09:42:30 100 results matched for "se*" from ENGLISH
2009-12-07 09:42:59 35 results matched for "sea*" from ENGLISH
2009-12-07 09:43:13 9 results matched for "seam*" from ENGLISH
2009-12-07 09:43:23 35 results matched for "sea*" from ENGLISH
2009-12-07 09:43:30 100 results matched for "se*" from ENGLISH
2009-12-07 09:43:56 100 results matched for "se*" from ENGLISH
2009-12-07 09:44:03 100 results matched for "se*" from ENGLISH
2009-12-07 09:45:55 [ Mon Dec 07 09:45:55 CAT 2009 Linux 2.6.31.6-145.fc12.i686 1.6.0_13 Sun Microsystems Inc. ]
2009-12-07 09:45:55 Starting encryption		[ OK ]
2009-12-07 09:46:00 3 results matched for "as" from ENGLISH
2009-12-07 09:46:05 2 results matched for "ask" from ENGLISH
2009-12-07 09:46:10 3 results matched for "ask*" from SWAHILI
2009-12-07 09:46:10 3 results matched for "ask*" from SWAHILI
2009-12-07 09:46:28 3 results matched for "ask*" from SWAHILI
2009-12-07 09:46:29 3 results matched for "ask*" from SWAHILI
2009-12-07 09:46:33 3 results matched for "ask*" from SWAHILI
2009-12-07 09:46:34 3 results matched for "ask*" from SWAHILI
2009-12-07 09:46:34 3 results matched for "ask*" from SWAHILI
2009-12-07 09:46:36 3 results matched for "ask*" from SWAHILI
2009-12-07 09:46:36 3 results matched for "ask*" from SWAHILI
2009-12-07 09:46:45 3 results matched for "ask*" from SWAHILI
2009-12-07 09:46:48 3 results matched for "ask*" from SWAHILI
2009-12-07 09:46:58 100 results matched for "z*" from SWAHILI
2009-12-07 09:51:56 100 results matched for "*" from ENGLISH
2009-12-07 09:53:13 [ Mon Dec 07 09:53:13 CAT 2009 Linux 2.6.31.6-145.fc12.i686 1.6.0_13 Sun Microsystems Inc. ]
2009-12-07 09:53:13 Starting encryption		[ OK ]
2009-12-07 09:58:25 [ Mon Dec 07 09:58:25 CAT 2009 Linux 2.6.31.6-145.fc12.i686 1.6.0_13 Sun Microsystems Inc. ]
2009-12-07 09:58:26 Starting encryption		[ OK ]
2009-12-07 09:58:48 [ Mon Dec 07 09:58:48 CAT 2009 Linux 2.6.31.6-145.fc12.i686 1.6.0_13 Sun Microsystems Inc. ]
2009-12-07 09:58:49 Starting encryption		[ OK ]
2009-12-07 09:58:53 3 results matched for "zi" from SWAHILI
2009-12-07 09:58:55 3 results matched for "zi" from SWAHILI
2009-12-07 09:59:55 100 results matched for "*" from ENGLISH
2009-12-07 10:00:07 [ Mon Dec 07 10:00:07 CAT 2009 Linux 2.6.31.6-145.fc12.i686 1.6.0_13 Sun Microsystems Inc. ]
2009-12-07 10:00:07 Starting encryption		[ OK ]
2009-12-07 10:03:24 [ Mon Dec 07 10:03:24 CAT 2009 Linux 2.6.31.6-145.fc12.i686 1.6.0_13 Sun Microsystems Inc. ]
2009-12-07 10:03:24 Starting encryption		[ OK ]
2009-12-07 10:03:31 18 results matched for "test" from ENGLISH
2009-12-07 10:03:33 18 results matched for "test*" from ENGLISH
2009-12-07 10:03:34 18 results matched for "test*" from ENGLISH
2009-12-07 10:03:39 18 results matched for "test" from ENGLISH
2009-12-07 10:03:44 18 results matched for "tes*" from ENGLISH
2009-12-07 10:03:45 18 results matched for "tes*" from ENGLISH
2009-12-07 10:04:19 [ Mon Dec 07 10:04:19 CAT 2009 Linux 2.6.31.6-145.fc12.i686 1.6.0_13 Sun Microsystems Inc. ]
2009-12-07 10:04:20 Starting encryption		[ OK ]
2009-12-07 10:05:21 [ Mon Dec 07 10:05:21 CAT 2009 Linux 2.6.31.6-145.fc12.i686 1.6.0_13 Sun Microsystems Inc. ]
2009-12-07 10:05:21 Starting encryption		[ OK ]
2009-12-07 10:07:53 [ Mon Dec 07 10:07:53 CAT 2009 Linux 2.6.31.6-145.fc12.i686 1.6.0_13 Sun Microsystems Inc. ]
2009-12-07 10:07:54 Starting encryption		[ OK ]
2009-12-07 10:08:05 13 results matched for "swee*" from ENGLISH
2009-12-07 10:08:06 13 results matched for "swee*" from ENGLISH
2009-12-07 10:08:27 14665 results matched for "*" from ENGLISH
2009-12-07 10:08:38 [ Mon Dec 07 10:08:38 CAT 2009 Linux 2.6.31.6-145.fc12.i686 1.6.0_13 Sun Microsystems Inc. ]
2009-12-07 10:08:38 Starting encryption		[ OK ]
2009-12-07 10:08:44 1 results matched for "sweet" from ENGLISH
2009-12-07 10:08:48 13 results matched for "sweet*" from ENGLISH
2009-12-07 10:08:49 13 results matched for "sweet*" from ENGLISH
2009-12-07 10:09:01 13 results matched for "sweet*" from ENGLISH
2009-12-07 10:09:04 13 results matched for "sweet*" from ENGLISH
2009-12-07 10:09:07 13 results matched for "sweet*" from ENGLISH
2009-12-07 10:09:09 13 results matched for "sweet*" from ENGLISH
2009-12-07 10:09:11 13 results matched for "sweet*" from ENGLISH
2009-12-07 10:09:20 [ Mon Dec 07 10:09:20 CAT 2009 Linux 2.6.31.6-145.fc12.i686 1.6.0_13 Sun Microsystems Inc. ]
2009-12-07 10:09:21 Starting encryption		[ OK ]
2009-12-07 10:09:31 28 results matched for "ass*" from ENGLISH
2009-12-07 10:16:22 14665 results matched for "*" from ENGLISH
2009-12-07 10:22:20 [ Mon Dec 07 10:22:20 CAT 2009 Linux 2.6.31.6-145.fc12.i686 1.6.0_13 Sun Microsystems Inc. ]
2009-12-07 10:22:21 Starting encryption		[ OK ]
2009-12-07 10:22:33 2 results matched for "zorill*" from ENGLISH
2009-12-07 10:22:33 2 results matched for "zorill*" from ENGLISH
2009-12-07 10:22:42 4 results matched for "ki" from SWAHILI
2009-12-07 10:22:44 6 results matched for "kicheche" from SWAHILI
2009-12-07 10:25:48 [ Mon Dec 07 10:25:48 CAT 2009 Linux 2.6.31.6-145.fc12.i686 1.6.0_13 Sun Microsystems Inc. ]
2009-12-07 10:25:48 Starting encryption		[ OK ]
2009-12-07 10:26:30 [ Mon Dec 07 10:26:30 CAT 2009 Linux 2.6.31.6-145.fc12.i686 1.6.0_13 Sun Microsystems Inc. ]
2009-12-07 10:26:30 Starting encryption		[ OK ]
2009-12-07 10:26:48 4 results matched for "ki" from SWAHILI
2009-12-07 10:26:49 4 results matched for "kisu" from SWAHILI
2009-12-07 10:26:49 4 results matched for "kisu" from SWAHILI
2009-12-07 10:26:52 4 results matched for "kisu" from SWAHILI
2009-12-07 10:29:19 [ Mon Dec 07 10:29:19 CAT 2009 Linux 2.6.31.6-145.fc12.i686 1.6.0_13 Sun Microsystems Inc. ]
2009-12-07 10:29:19 Starting encryption		[ OK ]
2009-12-07 10:29:25 1 results matched for "visu" from SWAHILI
2009-12-07 10:29:39 4 results matched for "zo" from SWAHILI
2009-12-07 10:29:42 2 results matched for "zorilla" from ENGLISH
2009-12-07 10:29:44 2 results matched for "zorillas" from ENGLISH
2009-12-07 10:29:52 4 results matched for "vicheche" from SWAHILI
2009-12-07 10:30:02 7 results matched for "vitu" from SWAHILI
2009-12-07 10:32:55 2785 results matched for "vi*" from SWAHILI
2009-12-07 10:35:47 2785 results matched for "vi*" from SWAHILI
2009-12-07 10:37:15 [ Mon Dec 07 10:37:15 CAT 2009 Linux 2.6.31.6-145.fc12.i686 1.6.0_13 Sun Microsystems Inc. ]
2009-12-07 10:37:15 Starting encryption		[ OK ]
2009-12-07 10:37:20 2 results matched for "zorilla" from ENGLISH
2009-12-07 10:37:24 2 results matched for "zorilla" from ENGLISH
2009-12-07 10:37:29 2 results matched for "zorilla*" from ENGLISH
2009-12-07 10:37:36 3 results matched for "visa" from ENGLISH
2009-12-07 10:37:49 22 results matched for "vis*" from ENGLISH
2009-12-07 10:38:22 22 results matched for "vis*" from ENGLISH
2009-12-07 10:38:28 22 results matched for "vis**" from ENGLISH
2009-12-07 10:38:44 22 results matched for "vis*" from ENGLISH
2009-12-07 10:40:27 [ Mon Dec 07 10:40:27 CAT 2009 Linux 2.6.31.6-145.fc12.i686 1.6.0_13 Sun Microsystems Inc. ]
2009-12-07 10:40:27 Starting encryption		[ OK ]
2009-12-07 10:40:31 18 results matched for "test" from ENGLISH
2009-12-07 10:40:41 19 results matched for "make" from ENGLISH
2009-12-07 10:40:45 19 results matched for "make" from ENGLISH
2009-12-07 10:40:51 4 results matched for "swim" from ENGLISH
2009-12-07 10:40:54 1 results matched for "see" from ENGLISH
2009-12-07 10:40:56 1 results matched for "see" from ENGLISH
2009-12-07 10:41:01 4 results matched for "knives" from ENGLISH
2009-12-07 10:41:01 4 results matched for "knives" from ENGLISH
2009-12-07 10:41:10 4 results matched for "knives" from ENGLISH
2009-12-07 10:41:17 [ Mon Dec 07 10:41:17 CAT 2009 Linux 2.6.31.6-145.fc12.i686 1.6.0_13 Sun Microsystems Inc. ]
2009-12-07 10:41:18 Starting encryption		[ OK ]
2009-12-07 10:41:25 4 results matched for "knives" from ENGLISH
2009-12-07 10:41:25 4 results matched for "knives" from ENGLISH
2009-12-07 10:46:03 Can't find resource for bundle java.util.PropertyResourceBundle, key add_word
2009-12-07 10:47:07 [ Mon Dec 07 10:47:07 CAT 2009 Linux 2.6.31.6-145.fc12.i686 1.6.0_13 Sun Microsystems Inc. ]
2009-12-07 10:47:08 Starting encryption		[ OK ]
2009-12-07 10:48:00 [ Mon Dec 07 10:48:00 CAT 2009 Linux 2.6.31.6-145.fc12.i686 1.6.0_13 Sun Microsystems Inc. ]
2009-12-07 10:48:01 Starting encryption		[ OK ]
2009-12-07 10:49:33 [ Mon Dec 07 10:49:33 CAT 2009 Linux 2.6.31.6-145.fc12.i686 1.6.0_13 Sun Microsystems Inc. ]
2009-12-07 10:49:34 Starting encryption		[ OK ]
2009-12-07 10:50:24 [ Mon Dec 07 10:50:24 CAT 2009 Linux 2.6.31.6-145.fc12.i686 1.6.0_13 Sun Microsystems Inc. ]
2009-12-07 10:50:25 Starting encryption		[ OK ]
2009-12-07 11:06:49 [ Mon Dec 07 11:06:49 CAT 2009 Linux 2.6.31.6-145.fc12.i686 1.6.0_13 Sun Microsystems Inc. ]
2009-12-07 11:06:49 Starting encryption		[ OK ]
2009-12-07 11:07:21 [ Mon Dec 07 11:07:21 CAT 2009 Linux 2.6.31.6-145.fc12.i686 1.6.0_13 Sun Microsystems Inc. ]
2009-12-07 11:07:21 Starting encryption		[ OK ]
2009-12-07 11:08:20 [ Mon Dec 07 11:08:20 CAT 2009 Linux 2.6.31.6-145.fc12.i686 1.6.0_13 Sun Microsystems Inc. ]
2009-12-07 11:08:21 Starting encryption		[ OK ]
2009-12-07 11:15:04 [ Mon Dec 07 11:15:04 CAT 2009 Linux 2.6.31.6-145.fc12.i686 1.6.0_13 Sun Microsystems Inc. ]
2009-12-07 11:15:04 Starting encryption		[ OK ]
2009-12-07 11:33:28 [ Mon Dec 07 11:33:28 CAT 2009 Linux 2.6.31.6-145.fc12.i686 1.6.0_13 Sun Microsystems Inc. ]
2009-12-07 11:33:28 Starting encryption		[ OK ]
2009-12-07 11:41:03 [ Mon Dec 07 11:41:03 CAT 2009 Linux 2.6.31.6-145.fc12.i686 1.6.0_13 Sun Microsystems Inc. ]
2009-12-07 11:41:03 Starting encryption		[ OK ]
2009-12-07 11:41:19 1 results matched for "ant" from ENGLISH
2009-12-07 11:41:26 1 results matched for "ant" from ENGLISH
2009-12-07 11:41:26 1 results matched for "ant" from ENGLISH
2009-12-07 11:41:27 1 results matched for "ant" from ENGLISH
2009-12-07 11:41:28 1 results matched for "ant" from ENGLISH
2009-12-07 11:42:10 40 results matched for "chungu" from SWAHILI
2009-12-07 11:42:41 Can't find resource for bundle java.util.PropertyResourceBundle, key add_word
2009-12-07 11:44:46 4 results matched for "zo" from SWAHILI
2009-12-07 11:44:52 2 results matched for "zor*" from ENGLISH
2009-12-07 11:45:19 14 results matched for "z*" from ENGLISH
2009-12-07 11:47:54 26 results matched for "eagle" from ENGLISH
2009-12-07 11:47:58 26 results matched for "eagle" from ENGLISH
2009-12-07 11:52:01 26 results matched for "eagle" from ENGLISH
2009-12-07 11:52:02 26 results matched for "eagle" from ENGLISH
2009-12-07 11:52:04 26 results matched for "eagle" from ENGLISH
2009-12-07 11:52:13 26 results matched for "eagle" from ENGLISH
2009-12-07 23:40:36 [ Mon Dec 07 23:40:36 CAT 2009 Linux 2.6.31.6-145.fc12.i686 1.6.0_13 Sun Microsystems Inc. ]
2009-12-07 23:40:37 Starting encryption		[ OK ]
2009-12-07 23:40:55 3 results matched for "x*" from ENGLISH
2009-12-07 23:42:31 [ Mon Dec 07 23:42:31 CAT 2009 Linux 2.6.31.6-145.fc12.i686 1.6.0_13 Sun Microsystems Inc. ]
2009-12-07 23:42:31 Starting encryption		[ OK ]
2009-12-07 23:42:47 [ Mon Dec 07 23:42:47 CAT 2009 Linux 2.6.31.6-145.fc12.i686 1.6.0_13 Sun Microsystems Inc. ]
2009-12-07 23:42:47 Starting encryption		[ OK ]
2009-12-07 23:42:56 18 results matched for "tes*" from ENGLISH
2009-12-07 23:43:03 18 results matched for "test" from ENGLISH
2009-12-07 23:43:07 5 results matched for "tests" from ENGLISH
2009-12-07 23:43:13 5 results matched for "tests*" from ENGLISH
2009-12-07 23:58:05 [ Mon Dec 07 23:58:05 CAT 2009 Linux 2.6.31.6-145.fc12.i686 1.6.0_13 Sun Microsystems Inc. ]
2009-12-07 23:58:05 Starting encryption		[ OK ]
2009-12-07 23:16:44 [ Mon Dec 07 23:16:44 CAT 2009 Linux 2.6.31.6-145.fc12.i686 1.6.0_13 Sun Microsystems Inc. ]
2009-12-07 23:16:44 Starting encryption		[ OK ]
2009-12-07 23:17:07 [ Mon Dec 07 23:17:06 CAT 2009 Linux 2.6.31.6-145.fc12.i686 1.6.0_13 Sun Microsystems Inc. ]
2009-12-07 23:17:07 Starting encryption		[ OK ]
2009-12-07 23:17:15 Mandatory field(s) missing values
2009-12-07 23:17:28 Mandatory field(s) missing values
2009-12-07 23:17:34 Mandatory field(s) missing values
