2009-11-26 12:18:22 [ Thu Nov 26 12:18:21 EAT 2009 Linux 2.6.31.5-127.fc12.i686 1.6.0_13 Sun Microsystems Inc. ]
2009-11-26 12:18:23 Starting encryption		[ OK ]
2009-11-26 12:18:25 java.net.UnknownHostException: pm.suuch.com
2009-11-26 12:18:25 An error occurred while restoring database.
Check your connection to the Internet or try again later.
2009-11-26 12:21:00 [ Thu Nov 26 12:21:00 EAT 2009 Linux 2.6.31.5-127.fc12.i686 1.6.0_13 Sun Microsystems Inc. ]
2009-11-26 12:21:00 Starting encryption		[ OK ]
2009-11-26 12:21:04 java.net.UnknownHostException: pm.suuch.com
2009-11-26 12:21:04 An error occurred while restoring database.
Check your connection to the Internet or try again later.
2009-11-26 12:21:26 java.net.UnknownHostException: pm.suuch.com
2009-11-26 12:21:26 An error occurred while restoring database.
Check your connection to the Internet or try again later.
2009-11-26 12:21:37 [ Thu Nov 26 12:21:37 EAT 2009 Linux 2.6.31.5-127.fc12.i686 1.6.0_13 Sun Microsystems Inc. ]
2009-11-26 12:21:37 Starting encryption		[ OK ]
2009-11-26 12:21:40 java.net.UnknownHostException: pm.suuch.com
2009-11-26 12:21:40 An error occurred while restoring database.
Check your connection to the Internet or try again later.
2009-11-26 12:22:02 [ Thu Nov 26 12:22:02 EAT 2009 Linux 2.6.31.5-127.fc12.i686 1.6.0_13 Sun Microsystems Inc. ]
2009-11-26 12:22:02 Starting encryption		[ OK ]
2009-11-26 12:22:05 java.net.UnknownHostException: pm.suuch.com
2009-11-26 12:22:05 An error occurred while restoring database.
Check your connection to the Internet or try again later.
2009-11-26 12:22:11 java.net.UnknownHostException: pm.suuch.com
2009-11-26 12:22:11 An error occurred while restoring database.
Check your connection to the Internet or try again later.
2009-11-26 12:23:01 [ Thu Nov 26 12:23:01 EAT 2009 Linux 2.6.31.5-127.fc12.i686 1.6.0_13 Sun Microsystems Inc. ]
2009-11-26 12:23:01 Starting encryption		[ OK ]
2009-11-26 12:23:04 java.net.UnknownHostException: pm.suuch.com
2009-11-26 12:23:04 An error occurred while restoring database.
Check your connection to the Internet or try again later.
2009-11-26 12:23:17 3 results matched for "he" from ENGLISH
2009-11-26 12:23:18 35 results matched for "help" from ENGLISH
2009-11-26 12:23:41 [ Thu Nov 26 12:23:41 EAT 2009 Linux 2.6.31.5-127.fc12.i686 1.6.0_13 Sun Microsystems Inc. ]
2009-11-26 12:23:41 Starting encryption		[ OK ]
2009-11-26 12:23:45 java.net.UnknownHostException: pm.suuch.com
2009-11-26 12:23:45 An error occurred while restoring database.
Check your connection to the Internet or try again later.
