2009-09-22 20:04:31 java.io.FileNotFoundException: Edit file does not exist!
2009-09-22 20:04:31 Encryption initiated
2009-09-22 20:04:35 [ Tue Sep 22 20:04:35 EAT 2009 Linux 2.6.30.5-43.fc11.i586 1.6.0_13 Sun Microsystems Inc. ]
2009-09-22 20:04:40 1 results matched for "test" from SWAHILI
2009-09-22 20:04:55 Editing database entry from sampletest2 to sampletest2xdxdxd
2009-09-22 20:04:55 java.io.FileNotFoundException: Edit file does not exist!
2009-09-22 20:04:55 Encryption initiated
2009-09-22 20:05:03 Encryption initiated
2009-09-22 20:05:03 Editing database entry from sampletest2 to sampletest2xdxdxd
2009-09-22 20:05:03 Encryption initiated
2009-09-22 20:05:03 Editing ID: 57513
2009-09-22 20:05:03 Encryption initiated
2009-09-22 20:05:03 1 results matched for "test" from SWAHILI
2009-09-22 20:05:05 java.io.FileNotFoundException: Edit file does not exist!Attempting to create one
2009-09-22 20:05:05 Encryption initiated
2009-09-22 20:05:05 Encryption initiated
2009-09-22 20:05:05 Updated edit log
2009-09-22 20:05:06 1 results matched for "test" from SWAHILI
2009-09-22 20:05:16 Editing database entry from sampletest2xdxdxd to sampletest2
2009-09-22 20:05:16 Encryption initiated
2009-09-22 20:05:17 Editing ID: 57513
2009-09-22 20:05:17 Encryption initiated
2009-09-22 20:05:19 Encryption initiated
2009-09-22 20:05:19 Updated edit log
2009-09-22 20:05:19 1 results matched for "test" from SWAHILI
2009-09-22 20:10:01 Encryption initiated
2009-09-22 20:10:01 [ Tue Sep 22 20:10:01 EAT 2009 Linux 2.6.30.5-43.fc11.i586 1.6.0_13 Sun Microsystems Inc. ]
