2009-11-19 19:26:03 [ Thu Nov 19 19:26:03 EAT 2009 Linux 2.6.30.9-96.fc11.i586 1.6.0_13 Sun Microsystems Inc. ]
2009-11-19 19:26:04 Starting encryption		[ OK ]
2009-11-19 19:27:33 [ Thu Nov 19 19:27:33 EAT 2009 Linux 2.6.30.9-96.fc11.i586 1.6.0_13 Sun Microsystems Inc. ]
2009-11-19 19:27:33 Starting encryption		[ OK ]
2009-11-19 19:27:43 [ Thu Nov 19 19:27:43 EAT 2009 Linux 2.6.30.9-96.fc11.i586 1.6.0_13 Sun Microsystems Inc. ]
2009-11-19 19:27:43 Starting encryption		[ OK ]
2009-11-19 19:27:48 java.net.UnknownHostException: pm.suuch.com
2009-11-19 19:27:48 An error occurred while restoring database.
Check your connection to the Internet or try again later.
2009-11-19 19:27:54 java.net.UnknownHostException: pm.suuch.com
2009-11-19 19:27:54 An error occurred while restoring database.
Check your connection to the Internet or try again later.
2009-11-19 19:27:58 java.net.UnknownHostException: pm.suuch.com
2009-11-19 19:27:58 An error occurred while restoring database.
Check your connection to the Internet or try again later.
2009-11-19 19:28:23 java.net.UnknownHostException: pm.suuch.com
2009-11-19 19:28:23 An error occurred while synchronizing.
Please check your connection to the Internet or try again later.
2009-11-19 19:28:44 9 results matched for "mat" from ENGLISH
2009-11-19 19:28:49 9 results matched for "mat" from ENGLISH
2009-11-19 19:28:55 1 results matched for "matatu" from SWAHILI
2009-11-19 19:29:01 1 results matched for "bus" from ENGLISH
2009-11-19 19:29:12 2 results matched for "television" from ENGLISH
