2009-09-29 17:03:49 [ Tue Sep 29 17:03:49 EAT 2009 Linux 2.6.30.5-43.fc11.i586 1.6.0_13 Sun Microsystems Inc. ]
2009-09-29 17:03:50 Starting encryption		[ OK ]
2009-09-29 17:04:14 [ Tue Sep 29 17:04:14 EAT 2009 Linux 2.6.30.5-43.fc11.i586 1.6.0_13 Sun Microsystems Inc. ]
2009-09-29 17:04:15 Starting encryption		[ OK ]
2009-09-29 17:04:29 18 results matched for "test" from ENGLISH
2009-09-29 17:04:30 18 results matched for "test" from ENGLISH
2009-09-29 17:04:40 Editing database entry from sam ple test2  ffs am pl etest2 to sampletest2
2009-09-29 17:04:40 Starting encryption		[ OK ]
2009-09-29 17:04:40 Editing ID: 57513
2009-09-29 17:04:40 Starting encryption		[ OK ]
2009-09-29 17:04:42 Starting encryption		[ OK ]
2009-09-29 17:04:42 Updated edit log
2009-09-29 17:04:42 18 results matched for "test" from ENGLISH
2009-09-29 17:04:51 java.io.FileNotFoundException: http://localhost:8084/kamusiproject//fetchupdate.jsp?update=1254151111526
2009-09-29 17:04:51 An error occurred while synchronizing.
Check your connection to the Internet or try again later.
2009-09-29 17:06:09 [ Tue Sep 29 17:06:09 EAT 2009 Linux 2.6.30.5-43.fc11.i586 1.6.0_13 Sun Microsystems Inc. ]
2009-09-29 17:06:09 Starting encryption		[ OK ]
2009-09-29 17:06:29 Starting encryption		[ OK ]
2009-09-29 17:06:29 Posting: 636F6C756D6E3D53776168696C69576F7264267570646174653D73616D706C65746573743226726F773D353735313326757365726E616D653D61727468757262756C697661266F6C6456616C75653D73616D2B706C652B74657374322B2B6666732B616D2B706C2B657465737432
2009-09-29 17:06:30 Fetching: http://pm.suuch.com:8080/kamusiproject//fetchupdate.jsp?update=1254151111526
2009-09-29 17:06:31 Databases synchronized successfully!
2009-09-29 17:06:31 Databases synchronized successfully!
