2009-12-21 21:21:06 [ Mon Dec 21 21:21:06 EAT 2009 Linux 2.6.31.6-166.fc12.i686 1.6.0_13 Sun Microsystems Inc. ]
2009-12-21 21:21:09 19 results matched for "test" from English
2009-12-21 21:21:09 19 results matched for "test" from English
2009-12-21 21:21:09 19 results matched for "test" from English
2009-12-21 21:21:35 Editing database entry from sampletest123456 to sampletest1234567
2009-12-21 21:21:35 Editing ID: 57513
2009-12-21 21:21:39 Updated edit log
2009-12-21 21:21:39 java.io.NotSerializableException: org.sqlite.PrepStmt
2009-12-21 21:21:39 [ ERROR ] at java.io.ObjectOutputStream.writeObject0(ObjectOutputStream.java:1156)
at java.io.ObjectOutputStream.writeObject(ObjectOutputStream.java:326)
at org.kamusi.Editor.updateDatabase(Editor.java:509)
at org.kamusi.Editor.edit(Editor.java:184)
at org.kamusi.MainWindow.tableChanged(MainWindow.java:1237)
at javax.swing.table.AbstractTableModel.fireTableChanged(AbstractTableModel.java:280)
at javax.swing.table.AbstractTableModel.fireTableCellUpdated(AbstractTableModel.java:259)
at javax.swing.table.DefaultTableModel.setValueAt(DefaultTableModel.java:650)
at javax.swing.JTable.setValueAt(JTable.java:2719)
at javax.swing.JTable.editingStopped(JTable.java:4721)
at javax.swing.AbstractCellEditor.fireEditingStopped(AbstractCellEditor.java:125)
at javax.swing.DefaultCellEditor$EditorDelegate.stopCellEditing(DefaultCellEditor.java:350)
at javax.swing.DefaultCellEditor.stopCellEditing(DefaultCellEditor.java:215)
at javax.swing.JTable$GenericEditor.stopCellEditing(JTable.java:5475)
at javax.swing.DefaultCellEditor$EditorDelegate.actionPerformed(DefaultCellEditor.java:367)
at javax.swing.JTextField.fireActionPerformed(JTextField.java:492)
at javax.swing.JTextField.postActionEvent(JTextField.java:705)
at javax.swing.JTextField$NotifyAction.actionPerformed(JTextField.java:820)
at javax.swing.SwingUtilities.notifyAction(SwingUtilities.java:1636)
at javax.swing.JComponent.processKeyBinding(JComponent.java:2849)
at javax.swing.JComponent.processKeyBindings(JComponent.java:2884)
at javax.swing.JComponent.processKeyEvent(JComponent.java:2812)
at java.awt.Component.processEvent(Component.java:5993)
at java.awt.Container.processEvent(Container.java:2041)
at java.awt.Component.dispatchEventImpl(Component.java:4583)
at java.awt.Container.dispatchEventImpl(Container.java:2099)
at java.awt.Component.dispatchEvent(Component.java:4413)
at java.awt.KeyboardFocusManager.redispatchEvent(KeyboardFocusManager.java:1848)
at java.awt.DefaultKeyboardFocusManager.dispatchKeyEvent(DefaultKeyboardFocusManager.java:704)
at java.awt.DefaultKeyboardFocusManager.preDispatchKeyEvent(DefaultKeyboardFocusManager.java:969)
at java.awt.DefaultKeyboardFocusManager.typeAheadAssertions(DefaultKeyboardFocusManager.java:841)
at java.awt.DefaultKeyboardFocusManager.dispatchEvent(DefaultKeyboardFocusManager.java:668)
at java.awt.Component.dispatchEventImpl(Component.java:4455)
at java.awt.Container.dispatchEventImpl(Container.java:2099)
at java.awt.Window.dispatchEventImpl(Window.java:2475)
at java.awt.Component.dispatchEvent(Component.java:4413)
at java.awt.EventQueue.dispatchEvent(EventQueue.java:599)
at java.awt.EventDispatchThread.pumpOneEventForFilters(EventDispatchThread.java:269)
at java.awt.EventDispatchThread.pumpEventsForFilter(EventDispatchThread.java:184)
at java.awt.EventDispatchThread.pumpEventsForHierarchy(EventDispatchThread.java:174)
at java.awt.EventDispatchThread.pumpEvents(EventDispatchThread.java:169)
at java.awt.EventDispatchThread.pumpEvents(EventDispatchThread.java:161)
at java.awt.EventDispatchThread.run(EventDispatchThread.java:122)

2009-12-21 21:21:40 19 results matched for "test" from English
2009-12-21 21:22:44 java.net.ConnectException: Connection refused
2009-12-21 21:22:44 [ ERROR ] at sun.reflect.NativeConstructorAccessorImpl.newInstance0(NativeConstructorAccessorImpl.java:-2)
at sun.reflect.NativeConstructorAccessorImpl.newInstance(NativeConstructorAccessorImpl.java:39)
at sun.reflect.DelegatingConstructorAccessorImpl.newInstance(DelegatingConstructorAccessorImpl.java:27)
at java.lang.reflect.Constructor.newInstance(Constructor.java:513)
at sun.net.www.protocol.http.HttpURLConnection$6.run(HttpURLConnection.java:1360)
at java.security.AccessController.doPrivileged(AccessController.java:-2)
at sun.net.www.protocol.http.HttpURLConnection.getChainedException(HttpURLConnection.java:1354)
at sun.net.www.protocol.http.HttpURLConnection.getInputStream(HttpURLConnection.java:1008)
at org.kamusi.Restorer.getSizeOfUpdate(Restorer.java:223)
at org.kamusi.MainWindow.downloadOriginalDatabase(MainWindow.java:1040)
at org.kamusi.MainWindow.access$1700(MainWindow.java:55)
at org.kamusi.MainWindow$9.actionPerformed(MainWindow.java:389)
at javax.swing.AbstractButton.fireActionPerformed(AbstractButton.java:1995)
at javax.swing.AbstractButton$Handler.actionPerformed(AbstractButton.java:2318)
at javax.swing.DefaultButtonModel.fireActionPerformed(DefaultButtonModel.java:387)
at javax.swing.DefaultButtonModel.setPressed(DefaultButtonModel.java:242)
at javax.swing.AbstractButton.doClick(AbstractButton.java:357)
at javax.swing.plaf.basic.BasicMenuItemUI.doClick(BasicMenuItemUI.java:1225)
at javax.swing.plaf.basic.BasicMenuItemUI$Handler.mouseReleased(BasicMenuItemUI.java:1266)
at java.awt.Component.processMouseEvent(Component.java:6216)
at javax.swing.JComponent.processMouseEvent(JComponent.java:3265)
at java.awt.Component.processEvent(Component.java:5981)
at java.awt.Container.processEvent(Container.java:2041)
at java.awt.Component.dispatchEventImpl(Component.java:4583)
at java.awt.Container.dispatchEventImpl(Container.java:2099)
at java.awt.Component.dispatchEvent(Component.java:4413)
at java.awt.LightweightDispatcher.retargetMouseEvent(Container.java:4556)
at java.awt.LightweightDispatcher.processMouseEvent(Container.java:4220)
at java.awt.LightweightDispatcher.dispatchEvent(Container.java:4150)
at java.awt.Container.dispatchEventImpl(Container.java:2085)
at java.awt.Window.dispatchEventImpl(Window.java:2475)
at java.awt.Component.dispatchEvent(Component.java:4413)
at java.awt.EventQueue.dispatchEvent(EventQueue.java:599)
at java.awt.EventDispatchThread.pumpOneEventForFilters(EventDispatchThread.java:269)
at java.awt.EventDispatchThread.pumpEventsForFilter(EventDispatchThread.java:184)
at java.awt.EventDispatchThread.pumpEventsForHierarchy(EventDispatchThread.java:174)
at java.awt.EventDispatchThread.pumpEvents(EventDispatchThread.java:169)
at java.awt.EventDispatchThread.pumpEvents(EventDispatchThread.java:161)
at java.awt.EventDispatchThread.run(EventDispatchThread.java:122)

2009-12-21 21:23:19 java.net.ConnectException: Connection refused
2009-12-21 21:23:19 [ ERROR ] at org.kamusi.MainWindow.synchronizeDatabases(MainWindow.java:1020)
at org.kamusi.MainWindow.access$1400(MainWindow.java:55)
at org.kamusi.MainWindow$4.actionPerformed(MainWindow.java:312)
at javax.swing.AbstractButton.fireActionPerformed(AbstractButton.java:1995)
at javax.swing.AbstractButton$Handler.actionPerformed(AbstractButton.java:2318)
at javax.swing.DefaultButtonModel.fireActionPerformed(DefaultButtonModel.java:387)
at javax.swing.DefaultButtonModel.setPressed(DefaultButtonModel.java:242)
at javax.swing.AbstractButton.doClick(AbstractButton.java:357)
at javax.swing.plaf.basic.BasicMenuItemUI.doClick(BasicMenuItemUI.java:1225)
at javax.swing.plaf.basic.BasicMenuItemUI$Handler.mouseReleased(BasicMenuItemUI.java:1266)
at java.awt.Component.processMouseEvent(Component.java:6216)
at javax.swing.JComponent.processMouseEvent(JComponent.java:3265)
at java.awt.Component.processEvent(Component.java:5981)
at java.awt.Container.processEvent(Container.java:2041)
at java.awt.Component.dispatchEventImpl(Component.java:4583)
at java.awt.Container.dispatchEventImpl(Container.java:2099)
at java.awt.Component.dispatchEvent(Component.java:4413)
at java.awt.LightweightDispatcher.retargetMouseEvent(Container.java:4556)
at java.awt.LightweightDispatcher.processMouseEvent(Container.java:4220)
at java.awt.LightweightDispatcher.dispatchEvent(Container.java:4150)
at java.awt.Container.dispatchEventImpl(Container.java:2085)
at java.awt.Window.dispatchEventImpl(Window.java:2475)
at java.awt.Component.dispatchEvent(Component.java:4413)
at java.awt.EventQueue.dispatchEvent(EventQueue.java:599)
at java.awt.EventDispatchThread.pumpOneEventForFilters(EventDispatchThread.java:269)
at java.awt.EventDispatchThread.pumpEventsForFilter(EventDispatchThread.java:184)
at java.awt.EventDispatchThread.pumpEventsForHierarchy(EventDispatchThread.java:174)
at java.awt.EventDispatchThread.pumpEvents(EventDispatchThread.java:169)
at java.awt.EventDispatchThread.pumpEvents(EventDispatchThread.java:161)
at java.awt.EventDispatchThread.run(EventDispatchThread.java:122)

2009-12-21 21:36:10 [ Mon Dec 21 21:36:10 EAT 2009 Linux 2.6.31.6-166.fc12.i686 1.6.0_13 Sun Microsystems Inc. ]
2009-12-21 21:36:12 19 results matched for "test" from English
2009-12-21 21:36:12 19 results matched for "test" from English
2009-12-21 21:36:13 19 results matched for "test" from English
2009-12-21 21:36:31 [ Mon Dec 21 21:36:31 EAT 2009 Linux 2.6.31.6-166.fc12.i686 1.6.0_13 Sun Microsystems Inc. ]
2009-12-21 21:36:34 19 results matched for "test" from English
2009-12-21 21:36:40 Editing database entry from sampletest123456 to sampletest1234567
2009-12-21 21:36:40 Editing ID: 57513
2009-12-21 21:36:41 Updated edit log
2009-12-21 21:38:56 [ Mon Dec 21 21:38:56 EAT 2009 Linux 2.6.31.6-166.fc12.i686 1.6.0_13 Sun Microsystems Inc. ]
2009-12-21 21:39:24 [ WARNING ] Mandatory field(s) missing values
2009-12-21 21:39:45 [ INFO ] Word added successfully!
2009-12-21 21:39:57 1 results matched for "ete" from English
2009-12-21 21:40:02 1 results matched for "ete" from English
2009-12-21 21:40:02 1 results matched for "ete" from English
2009-12-21 21:40:03 1 results matched for "ete" from English
2009-12-21 21:40:04 1 results matched for "ete" from English
2009-12-21 21:40:09 Editing ID: 105817
2009-12-21 21:40:09 [ WARNING ] Deleting entries is not yet implemented
2009-12-21 21:40:10 1 results matched for "ete" from English
2009-12-21 21:40:26 [ Mon Dec 21 21:40:26 EAT 2009 Linux 2.6.31.6-166.fc12.i686 1.6.0_13 Sun Microsystems Inc. ]
2009-12-21 21:40:38 [ INFO ] Word added successfully!
2009-12-21 21:40:44 1 results matched for "ete" from English
2009-12-21 21:54:40 [ Mon Dec 21 21:54:40 EAT 2009 Linux 2.6.31.6-166.fc12.i686 1.6.0_13 Sun Microsystems Inc. ]
2009-12-21 21:54:44 19 results matched for "test" from English
2009-12-21 21:54:50 Editing database entry from sampletest123456 to sampletest1234567
2009-12-21 21:54:51 Editing ID: 57513
2009-12-21 21:54:52 Updated edit log
