2009-12-25 10:49:21 [ Fri Dec 25 10:49:21 EAT 2009 Linux 2.6.31.6-166.fc12.i686 1.6.0_13 Sun Microsystems Inc. ]
2009-12-25 10:49:34 java.net.ConnectException: Connection refused
2009-12-25 10:49:34 [ ERROR ] at org.kamusi.MainWindow.synchronizeDatabases(MainWindow.java:1017)
at org.kamusi.MainWindow.access$1400(MainWindow.java:52)
at org.kamusi.MainWindow$4.actionPerformed(MainWindow.java:309)
at javax.swing.AbstractButton.fireActionPerformed(AbstractButton.java:1995)
at javax.swing.AbstractButton$Handler.actionPerformed(AbstractButton.java:2318)
at javax.swing.DefaultButtonModel.fireActionPerformed(DefaultButtonModel.java:387)
at javax.swing.DefaultButtonModel.setPressed(DefaultButtonModel.java:242)
at javax.swing.AbstractButton.doClick(AbstractButton.java:357)
at javax.swing.plaf.basic.BasicMenuItemUI.doClick(BasicMenuItemUI.java:1225)
at javax.swing.plaf.basic.BasicMenuItemUI$Handler.mouseReleased(BasicMenuItemUI.java:1266)
at java.awt.Component.processMouseEvent(Component.java:6216)
at javax.swing.JComponent.processMouseEvent(JComponent.java:3265)
at java.awt.Component.processEvent(Component.java:5981)
at java.awt.Container.processEvent(Container.java:2041)
at java.awt.Component.dispatchEventImpl(Component.java:4583)
at java.awt.Container.dispatchEventImpl(Container.java:2099)
at java.awt.Component.dispatchEvent(Component.java:4413)
at java.awt.LightweightDispatcher.retargetMouseEvent(Container.java:4556)
at java.awt.LightweightDispatcher.processMouseEvent(Container.java:4220)
at java.awt.LightweightDispatcher.dispatchEvent(Container.java:4150)
at java.awt.Container.dispatchEventImpl(Container.java:2085)
at java.awt.Window.dispatchEventImpl(Window.java:2475)
at java.awt.Component.dispatchEvent(Component.java:4413)
at java.awt.EventQueue.dispatchEvent(EventQueue.java:599)
at java.awt.EventDispatchThread.pumpOneEventForFilters(EventDispatchThread.java:269)
at java.awt.EventDispatchThread.pumpEventsForFilter(EventDispatchThread.java:184)
at java.awt.EventDispatchThread.pumpEventsForHierarchy(EventDispatchThread.java:174)
at java.awt.EventDispatchThread.pumpEvents(EventDispatchThread.java:169)
at java.awt.EventDispatchThread.pumpEvents(EventDispatchThread.java:161)
at java.awt.EventDispatchThread.run(EventDispatchThread.java:122)

2009-12-25 10:50:08 [ Fri Dec 25 10:50:08 EAT 2009 Linux 2.6.31.6-166.fc12.i686 1.6.0_13 Sun Microsystems Inc. ]
2009-12-25 10:50:43 Posting: update= to http://localhost:8080/kamusiproject/
2009-12-25 10:50:43 Posting: update=494E5345525420494E544F20646963742028506172744F665370656563682C20436C6173732C2053776168696C69536F727442792C20456E676C697368536F727442792C2053776168696C69576F72642C20456E676C697368576F72642C2053776168696C69506C7572616C2C20456E676C697368506C7572616C2C2053776168696C69446566696E6974696F6E2C2053776168696C694578616D706C652C20456E676C6973684578616D706C652C20446572697665642C204469616C6563744E6F74652C204469616C6563742C205465726D696E6F6C6F67792C20456E676C6973684465662C20446572697665644C616E672C205461786F6E6F6D792C2052656C61746564576F7264732C20456E67416C742C20537761416C742C20456E67506C7572616C416C742C20537761506C7572616C416C74292056414C55455320283F2C203F2C203F2C203F2C203F2C203F2C203F2C203F2C203F2C203F2C203F2C203F2C203F2C203F2C203F2C203F2C203F2C203F2C203F2C203F2C203F2C203F2C203F29616262726576696174696F6E7C307C587C587C587C747C7C7C7C7C7C7C7C6E756C6C7C67656E6572616C7C7C6E756C6C7C7C7C7C7C7C7C61727468757262756C697661 to http://localhost:8080/kamusiproject/
2009-12-25 10:50:43 Posting: update=55504441544520444943542053455420456E676C697368576F7264203D203F205748455245204964203D203F7C73616D706C657465737431323334353637387C35373531337C61727468757262756C697661 to http://localhost:8080/kamusiproject/
2009-12-25 10:50:43 Posting: update=55504441544520444943542053455420456E676C697368576F7264203D203F205748455245204964203D203F7C73616D706C657465737431323334353637387C35373531337C61727468757262756C697661 to http://localhost:8080/kamusiproject/
2009-12-25 10:50:43 Posting: update=44454C4554452046524F4D2064696374205748455245206964203D203F7C35373531337C61727468757262756C697661 to http://localhost:8080/kamusiproject/
2009-12-25 10:50:43 Fetching: http://localhost:8080/kamusiproject//fetchupdate.jsp?update=1260370631218
2009-12-25 10:50:43 Databases synchronized successfully!
2009-12-25 10:50:43 [ INFO ] Databases synchronized successfully!
