2010-04-15 12:27:06 [ Thu Apr 15 12:27:05 EAT 2010 Linux 2.6.32.11-99.fc12.i686 1.6.0_13 Sun Microsystems Inc. ]
2010-04-15 12:27:13 20 results matched for "do" from English
2010-04-15 12:27:13 2 results matched for "dog" from English
2010-04-15 12:27:21 Editing database entry from inda to indanya
2010-04-15 12:27:21 Editing ID: [someone who prevents you from enjoying something that they themselves have no need for, null, 162022, 77171]
2010-04-15 12:27:22 [ INFO ] The edit was successful
2010-04-15 12:27:23 Updated edit log
2010-04-15 12:27:23 2 results matched for "dog" from English
2010-04-15 12:36:33 [ Thu Apr 15 12:36:33 EAT 2010 Linux 2.6.32.11-99.fc12.i686 1.6.0_13 Sun Microsystems Inc. ]
2010-04-15 12:36:37 20 results matched for "do" from English
2010-04-15 12:36:37 2 results matched for "dog" from English
2010-04-15 12:36:38 2 results matched for "dog" from English
2010-04-15 12:36:38 2 results matched for "dog" from English
2010-04-15 12:36:39 2 results matched for "dog" from English
2010-04-15 12:36:39 2 results matched for "dog" from English
2010-04-15 12:36:45 Editing database entry from dog-in-the-manger to dog-in-the-manger
2010-04-15 12:36:45 Editing ID: [someone who prevents you from enjoying something that they themselves have no need for, null, 162022, 77171]
2010-04-15 12:36:45 No changes applied.
2010-04-15 12:36:45 2 results matched for "dog" from English
2010-04-15 12:36:47 Editing database entry from inda to indanya
2010-04-15 12:36:47 Editing ID: [someone who prevents you from enjoying something that they themselves have no need for, null, 162022, 77171]
2010-04-15 12:36:49 [ INFO ] The edit was successful
2010-04-15 12:36:50 Updated edit log
2010-04-15 12:36:50 2 results matched for "dog" from English
2010-04-15 16:59:28 [ Thu Apr 15 16:59:28 EAT 2010 Linux 2.6.32.11-99.fc12.i686 1.6.0_13 Sun Microsystems Inc. ]
2010-04-15 16:59:32 20 results matched for "do" from English
2010-04-15 16:59:33 2 results matched for "dog" from English
2010-04-15 16:59:37 Editing database entry from inda to indaXX
2010-04-15 16:59:37 Editing ID: [someone who prevents you from enjoying something that they themselves have no need for, null, 162022, 77171]
2010-04-15 16:59:38 [ INFO ] The edit was successful
2010-04-15 16:59:39 Updated edit log
2010-04-15 16:59:39 2 results matched for "dog" from English
2010-04-15 17:00:45 [ Thu Apr 15 17:00:45 EAT 2010 Linux 2.6.32.11-99.fc12.i686 1.6.0_13 Sun Microsystems Inc. ]
2010-04-15 17:00:47 20 results matched for "do" from English
2010-04-15 17:00:47 2 results matched for "dog" from English
2010-04-15 17:00:50 Editing database entry from inda to indaXX
2010-04-15 17:00:50 Editing ID: [someone who prevents you from enjoying something that they themselves have no need for, null, 162022, 77171]
2010-04-15 17:00:51 [ INFO ] The edit was successful
2010-04-15 17:00:52 Updated edit log
2010-04-15 17:00:52 2 results matched for "dog" from English
2010-04-15 18:09:54 [ Thu Apr 15 18:09:54 EAT 2010 Linux 2.6.32.11-99.fc12.i686 1.6.0_13 Sun Microsystems Inc. ]
2010-04-15 18:09:58 14 results matched for "go" from English
2010-04-15 18:09:59 14 results matched for "go" from English
2010-04-15 18:10:00 20 results matched for "do" from English
2010-04-15 18:10:02 20 results matched for "do" from English
2010-04-15 18:10:02 2 results matched for "dog" from English
2010-04-15 18:10:05 Editing database entry from inda to indanya
2010-04-15 18:10:05 Editing ID: [someone who prevents you from enjoying something that they themselves have no need for, null, 162022, 77171]
2010-04-15 18:10:07 [ INFO ] The edit was successful
2010-04-15 18:10:08 Updated edit log
2010-04-15 18:10:08 2 results matched for "dog" from English
2010-04-15 18:37:30 [ Thu Apr 15 18:37:30 EAT 2010 Linux 2.6.32.11-99.fc12.i686 1.6.0_13 Sun Microsystems Inc. ]
2010-04-15 18:37:33 14 results matched for "go" from English
2010-04-15 18:37:37 20 results matched for "do" from English
2010-04-15 18:37:37 2 results matched for "dog" from English
2010-04-15 18:37:45 Editing ID: [someone who prevents you from enjoying something that they themselves have no need for, null, 162022, 77171]
2010-04-15 18:37:45 java.sql.SQLException: no such table: dict
2010-04-15 18:37:45 [ System Error ]
java.sql.SQLException: no such table: dict
at org.sqlite.DB.throwex(DB.java:288)
at org.sqlite.NativeDB.prepare(NativeDB.java:-2)
at org.sqlite.DB.prepare(DB.java:114)
at org.sqlite.PrepStmt.<init>(PrepStmt.java:37)
at org.sqlite.Conn.prepareStatement(Conn.java:231)
at org.sqlite.Conn.prepareStatement(Conn.java:224)
at org.sqlite.Conn.prepareStatement(Conn.java:213)
at org.kamusi.Editor.deleteEntry(Editor.java:498)
at org.kamusi.MainWindow$16$2.actionPerformed(MainWindow.java:812)
at javax.swing.AbstractButton.fireActionPerformed(AbstractButton.java:1995)
at javax.swing.AbstractButton$Handler.actionPerformed(AbstractButton.java:2318)
at javax.swing.DefaultButtonModel.fireActionPerformed(DefaultButtonModel.java:387)
at javax.swing.DefaultButtonModel.setPressed(DefaultButtonModel.java:242)
at javax.swing.AbstractButton.doClick(AbstractButton.java:357)
at javax.swing.plaf.basic.BasicMenuItemUI.doClick(BasicMenuItemUI.java:1225)
at javax.swing.plaf.basic.BasicMenuItemUI$Handler.mouseReleased(BasicMenuItemUI.java:1266)
at java.awt.Component.processMouseEvent(Component.java:6216)
at javax.swing.JComponent.processMouseEvent(JComponent.java:3265)
at java.awt.Component.processEvent(Component.java:5981)
at java.awt.Container.processEvent(Container.java:2041)
at java.awt.Component.dispatchEventImpl(Component.java:4583)
at java.awt.Container.dispatchEventImpl(Container.java:2099)
at java.awt.Component.dispatchEvent(Component.java:4413)
at java.awt.LightweightDispatcher.retargetMouseEvent(Container.java:4556)
at java.awt.LightweightDispatcher.processMouseEvent(Container.java:4220)
at java.awt.LightweightDispatcher.dispatchEvent(Container.java:4150)
at java.awt.Container.dispatchEventImpl(Container.java:2085)
at java.awt.Window.dispatchEventImpl(Window.java:2475)
at java.awt.Component.dispatchEvent(Component.java:4413)
at java.awt.EventQueue.dispatchEvent(EventQueue.java:599)
at java.awt.EventDispatchThread.pumpOneEventForFilters(EventDispatchThread.java:269)
at java.awt.EventDispatchThread.pumpEventsForFilter(EventDispatchThread.java:184)
at java.awt.EventDispatchThread.pumpEventsForHierarchy(EventDispatchThread.java:174)
at java.awt.EventDispatchThread.pumpEvents(EventDispatchThread.java:169)
at java.awt.EventDispatchThread.pumpEvents(EventDispatchThread.java:161)
at java.awt.EventDispatchThread.run(EventDispatchThread.java:122)

2010-04-15 18:37:47 2 results matched for "dog" from English
2010-04-15 18:38:10 [ Thu Apr 15 18:38:10 EAT 2010 Linux 2.6.32.11-99.fc12.i686 1.6.0_13 Sun Microsystems Inc. ]
2010-04-15 18:38:12 20 results matched for "do" from English
2010-04-15 18:38:13 2 results matched for "dog" from English
2010-04-15 18:38:16 Editing ID: [someone who prevents you from enjoying something that they themselves have no need for, null, 162022, 77171]
2010-04-15 18:38:16 java.sql.SQLException: no such table: kamusiproject
2010-04-15 18:38:16 [ System Error ]
java.sql.SQLException: no such table: kamusiproject
at org.sqlite.DB.throwex(DB.java:288)
at org.sqlite.NativeDB.prepare(NativeDB.java:-2)
at org.sqlite.DB.prepare(DB.java:114)
at org.sqlite.PrepStmt.<init>(PrepStmt.java:37)
at org.sqlite.Conn.prepareStatement(Conn.java:231)
at org.sqlite.Conn.prepareStatement(Conn.java:224)
at org.sqlite.Conn.prepareStatement(Conn.java:213)
at org.kamusi.Editor.deleteEntry(Editor.java:499)
at org.kamusi.MainWindow$16$2.actionPerformed(MainWindow.java:812)
at javax.swing.AbstractButton.fireActionPerformed(AbstractButton.java:1995)
at javax.swing.AbstractButton$Handler.actionPerformed(AbstractButton.java:2318)
at javax.swing.DefaultButtonModel.fireActionPerformed(DefaultButtonModel.java:387)
at javax.swing.DefaultButtonModel.setPressed(DefaultButtonModel.java:242)
at javax.swing.AbstractButton.doClick(AbstractButton.java:357)
at javax.swing.plaf.basic.BasicMenuItemUI.doClick(BasicMenuItemUI.java:1225)
at javax.swing.plaf.basic.BasicMenuItemUI$Handler.mouseReleased(BasicMenuItemUI.java:1266)
at java.awt.Component.processMouseEvent(Component.java:6216)
at javax.swing.JComponent.processMouseEvent(JComponent.java:3265)
at java.awt.Component.processEvent(Component.java:5981)
at java.awt.Container.processEvent(Container.java:2041)
at java.awt.Component.dispatchEventImpl(Component.java:4583)
at java.awt.Container.dispatchEventImpl(Container.java:2099)
at java.awt.Component.dispatchEvent(Component.java:4413)
at java.awt.LightweightDispatcher.retargetMouseEvent(Container.java:4556)
at java.awt.LightweightDispatcher.processMouseEvent(Container.java:4220)
at java.awt.LightweightDispatcher.dispatchEvent(Container.java:4150)
at java.awt.Container.dispatchEventImpl(Container.java:2085)
at java.awt.Window.dispatchEventImpl(Window.java:2475)
at java.awt.Component.dispatchEvent(Component.java:4413)
at java.awt.EventQueue.dispatchEvent(EventQueue.java:599)
at java.awt.EventDispatchThread.pumpOneEventForFilters(EventDispatchThread.java:269)
at java.awt.EventDispatchThread.pumpEventsForFilter(EventDispatchThread.java:184)
at java.awt.EventDispatchThread.pumpEventsForHierarchy(EventDispatchThread.java:174)
at java.awt.EventDispatchThread.pumpEvents(EventDispatchThread.java:169)
at java.awt.EventDispatchThread.pumpEvents(EventDispatchThread.java:161)
at java.awt.EventDispatchThread.run(EventDispatchThread.java:122)

2010-04-15 18:38:18 2 results matched for "dog" from English
2010-04-15 18:39:13 [ Thu Apr 15 18:39:13 EAT 2010 Linux 2.6.32.11-99.fc12.i686 1.6.0_13 Sun Microsystems Inc. ]
2010-04-15 18:39:15 20 results matched for "do" from English
2010-04-15 18:39:16 2 results matched for "dog" from English
2010-04-15 18:39:19 Editing ID: [someone who prevents you from enjoying something that they themselves have no need for, null, 162022, 77171]
2010-04-15 18:39:19 Updated edit log
2010-04-15 18:39:19 2 results matched for "dog" from English
2010-04-15 18:43:56 [ Thu Apr 15 18:43:56 EAT 2010 Linux 2.6.32.11-99.fc12.i686 1.6.0_13 Sun Microsystems Inc. ]
2010-04-15 18:43:59 20 results matched for "do" from English
2010-04-15 18:43:59 2 results matched for "dog" from English
2010-04-15 18:44:03 Editing ID: [someone who prevents you from enjoying something that they themselves have no need for, null, 162022, 77171]
2010-04-15 18:44:03 Updated edit log
2010-04-15 18:44:04 2 results matched for "dog" from English
2010-04-15 18:45:21 [ Thu Apr 15 18:45:21 EAT 2010 Linux 2.6.32.11-99.fc12.i686 1.6.0_13 Sun Microsystems Inc. ]
2010-04-15 18:45:24 20 results matched for "do" from English
2010-04-15 18:45:24 2 results matched for "dog" from English
2010-04-15 18:45:28 Editing ID: [someone who prevents you from enjoying something that they themselves have no need for, null, 162022, 77171]
2010-04-15 18:45:28 Updated edit log
2010-04-15 18:45:28 2 results matched for "dog" from English
2010-04-15 20:45:16 [ Thu Apr 15 20:45:16 EAT 2010 Linux 2.6.32.11-99.fc12.i686 1.6.0_13 Sun Microsystems Inc. ]
2010-04-15 20:45:18 68 results matched for "in" from English
2010-04-15 20:45:20 68 results matched for "in" from English
2010-04-15 20:45:20 68 results matched for "in" from English
2010-04-15 20:45:22 68 results matched for "in" from English
2010-04-15 20:47:40 68 results matched for "in" from English
