2010-01-20 13:33:01 [ System Error ]
java.io.FileNotFoundException: log/2010-01-20.log (No such file or directory)
at java.io.FileInputStream.open(FileInputStream.java:-2)
at java.io.FileInputStream.<init>(FileInputStream.java:106)
at java.io.FileReader.<init>(FileReader.java:55)
at org.kamusi.DebugTool.sendErrorDetails(DebugTool.java:31)
at org.kamusi.RawTest.<init>(RawTest.java:45)
at org.kamusi.RawTest.main(RawTest.java:67)

2010-01-20 14:45:21 [ Wed Jan 20 14:45:21 CAT 2010 Linux 2.6.31.9-174.fc12.i686 1.6.0_13 Sun Microsystems Inc. ]
2010-01-20 14:45:33 [ System Error ]
java.net.ConnectException: Connection refused
at sun.reflect.NativeConstructorAccessorImpl.newInstance0(NativeConstructorAccessorImpl.java:-2)
at sun.reflect.NativeConstructorAccessorImpl.newInstance(NativeConstructorAccessorImpl.java:39)
at sun.reflect.DelegatingConstructorAccessorImpl.newInstance(DelegatingConstructorAccessorImpl.java:27)
at java.lang.reflect.Constructor.newInstance(Constructor.java:513)
at sun.net.www.protocol.http.HttpURLConnection$6.run(HttpURLConnection.java:1360)
at java.security.AccessController.doPrivileged(AccessController.java:-2)
at sun.net.www.protocol.http.HttpURLConnection.getChainedException(HttpURLConnection.java:1354)
at sun.net.www.protocol.http.HttpURLConnection.getInputStream(HttpURLConnection.java:1008)
at org.kamusi.Synchronizer.getSizeOfUpdate(Synchronizer.java:138)
at org.kamusi.MainWindow.synchronizeDatabases(MainWindow.java:997)
at org.kamusi.MainWindow.access$1400(MainWindow.java:53)
at org.kamusi.MainWindow$4.actionPerformed(MainWindow.java:312)
at javax.swing.AbstractButton.fireActionPerformed(AbstractButton.java:1995)
at javax.swing.AbstractButton$Handler.actionPerformed(AbstractButton.java:2318)
at javax.swing.DefaultButtonModel.fireActionPerformed(DefaultButtonModel.java:387)
at javax.swing.DefaultButtonModel.setPressed(DefaultButtonModel.java:242)
at javax.swing.AbstractButton.doClick(AbstractButton.java:357)
at javax.swing.plaf.basic.BasicMenuItemUI.doClick(BasicMenuItemUI.java:1225)
at javax.swing.plaf.basic.BasicMenuItemUI$Handler.mouseReleased(BasicMenuItemUI.java:1266)
at java.awt.Component.processMouseEvent(Component.java:6216)
at javax.swing.JComponent.processMouseEvent(JComponent.java:3265)
at java.awt.Component.processEvent(Component.java:5981)
at java.awt.Container.processEvent(Container.java:2041)
at java.awt.Component.dispatchEventImpl(Component.java:4583)
at java.awt.Container.dispatchEventImpl(Container.java:2099)
at java.awt.Component.dispatchEvent(Component.java:4413)
at java.awt.LightweightDispatcher.retargetMouseEvent(Container.java:4556)
at java.awt.LightweightDispatcher.processMouseEvent(Container.java:4220)
at java.awt.LightweightDispatcher.dispatchEvent(Container.java:4150)
at java.awt.Container.dispatchEventImpl(Container.java:2085)
at java.awt.Window.dispatchEventImpl(Window.java:2475)
at java.awt.Component.dispatchEvent(Component.java:4413)
at java.awt.EventQueue.dispatchEvent(EventQueue.java:599)
at java.awt.EventDispatchThread.pumpOneEventForFilters(EventDispatchThread.java:269)
at java.awt.EventDispatchThread.pumpEventsForFilter(EventDispatchThread.java:184)
at java.awt.EventDispatchThread.pumpEventsForHierarchy(EventDispatchThread.java:174)
at java.awt.EventDispatchThread.pumpEvents(EventDispatchThread.java:169)
at java.awt.EventDispatchThread.pumpEvents(EventDispatchThread.java:161)
at java.awt.EventDispatchThread.run(EventDispatchThread.java:122)

2010-01-20 14:46:45 [ Wed Jan 20 14:46:45 CAT 2010 Linux 2.6.31.9-174.fc12.i686 1.6.0_13 Sun Microsystems Inc. ]
2010-01-20 14:46:51 [ System Error ]
java.net.ConnectException: Connection refused
at sun.reflect.NativeConstructorAccessorImpl.newInstance0(NativeConstructorAccessorImpl.java:-2)
at sun.reflect.NativeConstructorAccessorImpl.newInstance(NativeConstructorAccessorImpl.java:39)
at sun.reflect.DelegatingConstructorAccessorImpl.newInstance(DelegatingConstructorAccessorImpl.java:27)
at java.lang.reflect.Constructor.newInstance(Constructor.java:513)
at sun.net.www.protocol.http.HttpURLConnection$6.run(HttpURLConnection.java:1360)
at java.security.AccessController.doPrivileged(AccessController.java:-2)
at sun.net.www.protocol.http.HttpURLConnection.getChainedException(HttpURLConnection.java:1354)
at sun.net.www.protocol.http.HttpURLConnection.getInputStream(HttpURLConnection.java:1008)
at org.kamusi.Synchronizer.getSizeOfUpdate(Synchronizer.java:138)
at org.kamusi.MainWindow.synchronizeDatabases(MainWindow.java:998)
at org.kamusi.MainWindow.access$1400(MainWindow.java:53)
at org.kamusi.MainWindow$4.actionPerformed(MainWindow.java:312)
at javax.swing.AbstractButton.fireActionPerformed(AbstractButton.java:1995)
at javax.swing.AbstractButton$Handler.actionPerformed(AbstractButton.java:2318)
at javax.swing.DefaultButtonModel.fireActionPerformed(DefaultButtonModel.java:387)
at javax.swing.DefaultButtonModel.setPressed(DefaultButtonModel.java:242)
at javax.swing.AbstractButton.doClick(AbstractButton.java:357)
at javax.swing.plaf.basic.BasicMenuItemUI.doClick(BasicMenuItemUI.java:1225)
at javax.swing.plaf.basic.BasicMenuItemUI$Handler.mouseReleased(BasicMenuItemUI.java:1266)
at java.awt.Component.processMouseEvent(Component.java:6216)
at javax.swing.JComponent.processMouseEvent(JComponent.java:3265)
at java.awt.Component.processEvent(Component.java:5981)
at java.awt.Container.processEvent(Container.java:2041)
at java.awt.Component.dispatchEventImpl(Component.java:4583)
at java.awt.Container.dispatchEventImpl(Container.java:2099)
at java.awt.Component.dispatchEvent(Component.java:4413)
at java.awt.LightweightDispatcher.retargetMouseEvent(Container.java:4556)
at java.awt.LightweightDispatcher.processMouseEvent(Container.java:4220)
at java.awt.LightweightDispatcher.dispatchEvent(Container.java:4150)
at java.awt.Container.dispatchEventImpl(Container.java:2085)
at java.awt.Window.dispatchEventImpl(Window.java:2475)
at java.awt.Component.dispatchEvent(Component.java:4413)
at java.awt.EventQueue.dispatchEvent(EventQueue.java:599)
at java.awt.EventDispatchThread.pumpOneEventForFilters(EventDispatchThread.java:269)
at java.awt.EventDispatchThread.pumpEventsForFilter(EventDispatchThread.java:184)
at java.awt.EventDispatchThread.pumpEventsForHierarchy(EventDispatchThread.java:174)
at java.awt.EventDispatchThread.pumpEvents(EventDispatchThread.java:169)
at java.awt.EventDispatchThread.pumpEvents(EventDispatchThread.java:161)
at java.awt.EventDispatchThread.run(EventDispatchThread.java:122)

2010-01-20 14:48:46 [ Wed Jan 20 14:48:46 CAT 2010 Linux 2.6.31.9-174.fc12.i686 1.6.0_13 Sun Microsystems Inc. ]
2010-01-20 14:48:50 [ System Error ]
java.net.ConnectException: Connection refused
at sun.reflect.NativeConstructorAccessorImpl.newInstance0(NativeConstructorAccessorImpl.java:-2)
at sun.reflect.NativeConstructorAccessorImpl.newInstance(NativeConstructorAccessorImpl.java:39)
at sun.reflect.DelegatingConstructorAccessorImpl.newInstance(DelegatingConstructorAccessorImpl.java:27)
at java.lang.reflect.Constructor.newInstance(Constructor.java:513)
at sun.net.www.protocol.http.HttpURLConnection$6.run(HttpURLConnection.java:1360)
at java.security.AccessController.doPrivileged(AccessController.java:-2)
at sun.net.www.protocol.http.HttpURLConnection.getChainedException(HttpURLConnection.java:1354)
at sun.net.www.protocol.http.HttpURLConnection.getInputStream(HttpURLConnection.java:1008)
at org.kamusi.Synchronizer.getSizeOfUpdate(Synchronizer.java:138)
at org.kamusi.MainWindow.synchronizeDatabases(MainWindow.java:1000)
at org.kamusi.MainWindow.access$1400(MainWindow.java:53)
at org.kamusi.MainWindow$4.actionPerformed(MainWindow.java:312)
at javax.swing.AbstractButton.fireActionPerformed(AbstractButton.java:1995)
at javax.swing.AbstractButton$Handler.actionPerformed(AbstractButton.java:2318)
at javax.swing.DefaultButtonModel.fireActionPerformed(DefaultButtonModel.java:387)
at javax.swing.DefaultButtonModel.setPressed(DefaultButtonModel.java:242)
at javax.swing.AbstractButton.doClick(AbstractButton.java:357)
at javax.swing.plaf.basic.BasicMenuItemUI.doClick(BasicMenuItemUI.java:1225)
at javax.swing.plaf.basic.BasicMenuItemUI$Handler.mouseReleased(BasicMenuItemUI.java:1266)
at java.awt.Component.processMouseEvent(Component.java:6216)
at javax.swing.JComponent.processMouseEvent(JComponent.java:3265)
at java.awt.Component.processEvent(Component.java:5981)
at java.awt.Container.processEvent(Container.java:2041)
at java.awt.Component.dispatchEventImpl(Component.java:4583)
at java.awt.Container.dispatchEventImpl(Container.java:2099)
at java.awt.Component.dispatchEvent(Component.java:4413)
at java.awt.LightweightDispatcher.retargetMouseEvent(Container.java:4556)
at java.awt.LightweightDispatcher.processMouseEvent(Container.java:4220)
at java.awt.LightweightDispatcher.dispatchEvent(Container.java:4150)
at java.awt.Container.dispatchEventImpl(Container.java:2085)
at java.awt.Window.dispatchEventImpl(Window.java:2475)
at java.awt.Component.dispatchEvent(Component.java:4413)
at java.awt.EventQueue.dispatchEvent(EventQueue.java:599)
at java.awt.EventDispatchThread.pumpOneEventForFilters(EventDispatchThread.java:269)
at java.awt.EventDispatchThread.pumpEventsForFilter(EventDispatchThread.java:184)
at java.awt.EventDispatchThread.pumpEventsForHierarchy(EventDispatchThread.java:174)
at java.awt.EventDispatchThread.pumpEvents(EventDispatchThread.java:169)
at java.awt.EventDispatchThread.pumpEvents(EventDispatchThread.java:161)
at java.awt.EventDispatchThread.run(EventDispatchThread.java:122)

2010-01-20 14:51:57 [ Wed Jan 20 14:51:57 CAT 2010 Linux 2.6.31.9-174.fc12.i686 1.6.0_13 Sun Microsystems Inc. ]
2010-01-20 14:52:02 [ System Error ]
java.net.ConnectException: Connection refused
at sun.reflect.NativeConstructorAccessorImpl.newInstance0(NativeConstructorAccessorImpl.java:-2)
at sun.reflect.NativeConstructorAccessorImpl.newInstance(NativeConstructorAccessorImpl.java:39)
at sun.reflect.DelegatingConstructorAccessorImpl.newInstance(DelegatingConstructorAccessorImpl.java:27)
at java.lang.reflect.Constructor.newInstance(Constructor.java:513)
at sun.net.www.protocol.http.HttpURLConnection$6.run(HttpURLConnection.java:1360)
at java.security.AccessController.doPrivileged(AccessController.java:-2)
at sun.net.www.protocol.http.HttpURLConnection.getChainedException(HttpURLConnection.java:1354)
at sun.net.www.protocol.http.HttpURLConnection.getInputStream(HttpURLConnection.java:1008)
at org.kamusi.Synchronizer.getSizeOfUpdate(Synchronizer.java:138)
at org.kamusi.MainWindow.synchronizeDatabases(MainWindow.java:1007)
at org.kamusi.MainWindow.access$1400(MainWindow.java:53)
at org.kamusi.MainWindow$4.actionPerformed(MainWindow.java:312)
at javax.swing.AbstractButton.fireActionPerformed(AbstractButton.java:1995)
at javax.swing.AbstractButton$Handler.actionPerformed(AbstractButton.java:2318)
at javax.swing.DefaultButtonModel.fireActionPerformed(DefaultButtonModel.java:387)
at javax.swing.DefaultButtonModel.setPressed(DefaultButtonModel.java:242)
at javax.swing.AbstractButton.doClick(AbstractButton.java:357)
at javax.swing.plaf.basic.BasicMenuItemUI.doClick(BasicMenuItemUI.java:1225)
at javax.swing.plaf.basic.BasicMenuItemUI$Handler.mouseReleased(BasicMenuItemUI.java:1266)
at java.awt.Component.processMouseEvent(Component.java:6216)
at javax.swing.JComponent.processMouseEvent(JComponent.java:3265)
at java.awt.Component.processEvent(Component.java:5981)
at java.awt.Container.processEvent(Container.java:2041)
at java.awt.Component.dispatchEventImpl(Component.java:4583)
at java.awt.Container.dispatchEventImpl(Container.java:2099)
at java.awt.Component.dispatchEvent(Component.java:4413)
at java.awt.LightweightDispatcher.retargetMouseEvent(Container.java:4556)
at java.awt.LightweightDispatcher.processMouseEvent(Container.java:4220)
at java.awt.LightweightDispatcher.dispatchEvent(Container.java:4150)
at java.awt.Container.dispatchEventImpl(Container.java:2085)
at java.awt.Window.dispatchEventImpl(Window.java:2475)
at java.awt.Component.dispatchEvent(Component.java:4413)
at java.awt.EventQueue.dispatchEvent(EventQueue.java:599)
at java.awt.EventDispatchThread.pumpOneEventForFilters(EventDispatchThread.java:269)
at java.awt.EventDispatchThread.pumpEventsForFilter(EventDispatchThread.java:184)
at java.awt.EventDispatchThread.pumpEventsForHierarchy(EventDispatchThread.java:174)
at java.awt.EventDispatchThread.pumpEvents(EventDispatchThread.java:169)
at java.awt.EventDispatchThread.pumpEvents(EventDispatchThread.java:161)
at java.awt.EventDispatchThread.run(EventDispatchThread.java:122)

2010-01-20 14:52:10 [ System Error ]
java.net.ConnectException: Connection refused
at sun.reflect.NativeConstructorAccessorImpl.newInstance0(NativeConstructorAccessorImpl.java:-2)
at sun.reflect.NativeConstructorAccessorImpl.newInstance(NativeConstructorAccessorImpl.java:39)
at sun.reflect.DelegatingConstructorAccessorImpl.newInstance(DelegatingConstructorAccessorImpl.java:27)
at java.lang.reflect.Constructor.newInstance(Constructor.java:513)
at sun.net.www.protocol.http.HttpURLConnection$6.run(HttpURLConnection.java:1360)
at java.security.AccessController.doPrivileged(AccessController.java:-2)
at sun.net.www.protocol.http.HttpURLConnection.getChainedException(HttpURLConnection.java:1354)
at sun.net.www.protocol.http.HttpURLConnection.getInputStream(HttpURLConnection.java:1008)
at org.kamusi.Restorer.getSizeOfUpdate(Restorer.java:221)
at org.kamusi.MainWindow.downloadOriginalDatabase(MainWindow.java:1075)
at org.kamusi.MainWindow.access$1900(MainWindow.java:53)
at org.kamusi.MainWindow$9.actionPerformed(MainWindow.java:412)
at javax.swing.AbstractButton.fireActionPerformed(AbstractButton.java:1995)
at javax.swing.AbstractButton$Handler.actionPerformed(AbstractButton.java:2318)
at javax.swing.DefaultButtonModel.fireActionPerformed(DefaultButtonModel.java:387)
at javax.swing.DefaultButtonModel.setPressed(DefaultButtonModel.java:242)
at javax.swing.AbstractButton.doClick(AbstractButton.java:357)
at javax.swing.plaf.basic.BasicMenuItemUI.doClick(BasicMenuItemUI.java:1225)
at javax.swing.plaf.basic.BasicMenuItemUI$Handler.mouseReleased(BasicMenuItemUI.java:1266)
at java.awt.Component.processMouseEvent(Component.java:6216)
at javax.swing.JComponent.processMouseEvent(JComponent.java:3265)
at java.awt.Component.processEvent(Component.java:5981)
at java.awt.Container.processEvent(Container.java:2041)
at java.awt.Component.dispatchEventImpl(Component.java:4583)
at java.awt.Container.dispatchEventImpl(Container.java:2099)
at java.awt.Component.dispatchEvent(Component.java:4413)
at java.awt.LightweightDispatcher.retargetMouseEvent(Container.java:4556)
at java.awt.LightweightDispatcher.processMouseEvent(Container.java:4220)
at java.awt.LightweightDispatcher.dispatchEvent(Container.java:4150)
at java.awt.Container.dispatchEventImpl(Container.java:2085)
at java.awt.Window.dispatchEventImpl(Window.java:2475)
at java.awt.Component.dispatchEvent(Component.java:4413)
at java.awt.EventQueue.dispatchEvent(EventQueue.java:599)
at java.awt.EventDispatchThread.pumpOneEventForFilters(EventDispatchThread.java:269)
at java.awt.EventDispatchThread.pumpEventsForFilter(EventDispatchThread.java:184)
at java.awt.EventDispatchThread.pumpEventsForHierarchy(EventDispatchThread.java:174)
at java.awt.EventDispatchThread.pumpEvents(EventDispatchThread.java:169)
at java.awt.EventDispatchThread.pumpEvents(EventDispatchThread.java:161)
at java.awt.EventDispatchThread.run(EventDispatchThread.java:122)

2010-01-20 14:52:14 [ System Error ]
java.net.ConnectException: Connection refused
at java.net.PlainSocketImpl.socketConnect(PlainSocketImpl.java:-2)
at java.net.PlainSocketImpl.doConnect(PlainSocketImpl.java:333)
at java.net.PlainSocketImpl.connectToAddress(PlainSocketImpl.java:195)
at java.net.PlainSocketImpl.connect(PlainSocketImpl.java:182)
at java.net.SocksSocketImpl.connect(SocksSocketImpl.java:366)
at java.net.Socket.connect(Socket.java:519)
at java.net.Socket.connect(Socket.java:469)
at sun.net.NetworkClient.doConnect(NetworkClient.java:163)
at sun.net.www.http.HttpClient.openServer(HttpClient.java:394)
at sun.net.www.http.HttpClient.openServer(HttpClient.java:529)
at sun.net.www.http.HttpClient.<init>(HttpClient.java:233)
at sun.net.www.http.HttpClient.New(HttpClient.java:306)
at sun.net.www.http.HttpClient.New(HttpClient.java:323)
at sun.net.www.protocol.http.HttpURLConnection.getNewHttpClient(HttpURLConnection.java:852)
at sun.net.www.protocol.http.HttpURLConnection.plainConnect(HttpURLConnection.java:793)
at sun.net.www.protocol.http.HttpURLConnection.connect(HttpURLConnection.java:718)
at sun.net.www.protocol.http.HttpURLConnection.getOutputStream(HttpURLConnection.java:896)
at org.kamusi.DebugTool.sendErrorDetails(DebugTool.java:51)
at org.kamusi.MainWindow.showError(MainWindow.java:1197)
at org.kamusi.MainWindow$9.actionPerformed(MainWindow.java:416)
at javax.swing.AbstractButton.fireActionPerformed(AbstractButton.java:1995)
at javax.swing.AbstractButton$Handler.actionPerformed(AbstractButton.java:2318)
at javax.swing.DefaultButtonModel.fireActionPerformed(DefaultButtonModel.java:387)
at javax.swing.DefaultButtonModel.setPressed(DefaultButtonModel.java:242)
at javax.swing.AbstractButton.doClick(AbstractButton.java:357)
at javax.swing.plaf.basic.BasicMenuItemUI.doClick(BasicMenuItemUI.java:1225)
at javax.swing.plaf.basic.BasicMenuItemUI$Handler.mouseReleased(BasicMenuItemUI.java:1266)
at java.awt.Component.processMouseEvent(Component.java:6216)
at javax.swing.JComponent.processMouseEvent(JComponent.java:3265)
at java.awt.Component.processEvent(Component.java:5981)
at java.awt.Container.processEvent(Container.java:2041)
at java.awt.Component.dispatchEventImpl(Component.java:4583)
at java.awt.Container.dispatchEventImpl(Container.java:2099)
at java.awt.Component.dispatchEvent(Component.java:4413)
at java.awt.LightweightDispatcher.retargetMouseEvent(Container.java:4556)
at java.awt.LightweightDispatcher.processMouseEvent(Container.java:4220)
at java.awt.LightweightDispatcher.dispatchEvent(Container.java:4150)
at java.awt.Container.dispatchEventImpl(Container.java:2085)
at java.awt.Window.dispatchEventImpl(Window.java:2475)
at java.awt.Component.dispatchEvent(Component.java:4413)
at java.awt.EventQueue.dispatchEvent(EventQueue.java:599)
at java.awt.EventDispatchThread.pumpOneEventForFilters(EventDispatchThread.java:269)
at java.awt.EventDispatchThread.pumpEventsForFilter(EventDispatchThread.java:184)
at java.awt.EventDispatchThread.pumpEventsForHierarchy(EventDispatchThread.java:174)
at java.awt.EventDispatchThread.pumpEvents(EventDispatchThread.java:169)
at java.awt.EventDispatchThread.pumpEvents(EventDispatchThread.java:161)
at java.awt.EventDispatchThread.run(EventDispatchThread.java:122)

2010-01-20 14:52:17 [ System Error ]
java.net.ConnectException: Connection refused
at sun.reflect.NativeConstructorAccessorImpl.newInstance0(NativeConstructorAccessorImpl.java:-2)
at sun.reflect.NativeConstructorAccessorImpl.newInstance(NativeConstructorAccessorImpl.java:39)
at sun.reflect.DelegatingConstructorAccessorImpl.newInstance(DelegatingConstructorAccessorImpl.java:27)
at java.lang.reflect.Constructor.newInstance(Constructor.java:513)
at sun.net.www.protocol.http.HttpURLConnection$6.run(HttpURLConnection.java:1360)
at java.security.AccessController.doPrivileged(AccessController.java:-2)
at sun.net.www.protocol.http.HttpURLConnection.getChainedException(HttpURLConnection.java:1354)
at sun.net.www.protocol.http.HttpURLConnection.getInputStream(HttpURLConnection.java:1008)
at org.kamusi.Restorer.getSizeOfUpdate(Restorer.java:221)
at org.kamusi.MainWindow.downloadOriginalDatabase(MainWindow.java:1075)
at org.kamusi.MainWindow.access$1900(MainWindow.java:53)
at org.kamusi.MainWindow$9.actionPerformed(MainWindow.java:412)
at javax.swing.AbstractButton.fireActionPerformed(AbstractButton.java:1995)
at javax.swing.AbstractButton$Handler.actionPerformed(AbstractButton.java:2318)
at javax.swing.DefaultButtonModel.fireActionPerformed(DefaultButtonModel.java:387)
at javax.swing.DefaultButtonModel.setPressed(DefaultButtonModel.java:242)
at javax.swing.AbstractButton.doClick(AbstractButton.java:357)
at javax.swing.plaf.basic.BasicMenuItemUI.doClick(BasicMenuItemUI.java:1225)
at javax.swing.plaf.basic.BasicMenuItemUI$Handler.mouseReleased(BasicMenuItemUI.java:1266)
at java.awt.Component.processMouseEvent(Component.java:6216)
at javax.swing.JComponent.processMouseEvent(JComponent.java:3265)
at java.awt.Component.processEvent(Component.java:5981)
at java.awt.Container.processEvent(Container.java:2041)
at java.awt.Component.dispatchEventImpl(Component.java:4583)
at java.awt.Container.dispatchEventImpl(Container.java:2099)
at java.awt.Component.dispatchEvent(Component.java:4413)
at java.awt.LightweightDispatcher.retargetMouseEvent(Container.java:4556)
at java.awt.LightweightDispatcher.processMouseEvent(Container.java:4220)
at java.awt.LightweightDispatcher.dispatchEvent(Container.java:4150)
at java.awt.Container.dispatchEventImpl(Container.java:2085)
at java.awt.Window.dispatchEventImpl(Window.java:2475)
at java.awt.Component.dispatchEvent(Component.java:4413)
at java.awt.EventQueue.dispatchEvent(EventQueue.java:599)
at java.awt.EventDispatchThread.pumpOneEventForFilters(EventDispatchThread.java:269)
at java.awt.EventDispatchThread.pumpEventsForFilter(EventDispatchThread.java:184)
at java.awt.EventDispatchThread.pumpEventsForHierarchy(EventDispatchThread.java:174)
at java.awt.EventDispatchThread.pumpEvents(EventDispatchThread.java:169)
at java.awt.EventDispatchThread.pumpEvents(EventDispatchThread.java:161)
at java.awt.EventDispatchThread.run(EventDispatchThread.java:122)

