2010-04-14 13:47:38 [ Wed Apr 14 13:47:38 EAT 2010 Linux 2.6.32.11-99.fc12.i686 1.6.0_13 Sun Microsystems Inc. ]
2010-04-14 13:47:42 20 results matched for "do" from English
2010-04-14 13:47:42 2 results matched for "dog" from English
2010-04-14 13:47:46 Editing database entry from inda to mbwa
2010-04-14 13:47:46 Editing ID: [someone who prevents you from enjoying something that they themselves have no need for, null, 162022, 77171]
2010-04-14 13:47:48 Updated edit log
2010-04-14 13:47:48 2 results matched for "dog" from English
2010-04-14 13:51:42 [ Wed Apr 14 13:51:42 EAT 2010 Linux 2.6.32.11-99.fc12.i686 1.6.0_13 Sun Microsystems Inc. ]
2010-04-14 13:51:44 14 results matched for "go" from English
2010-04-14 13:51:48 20 results matched for "do" from English
2010-04-14 13:51:48 2 results matched for "dog" from English
2010-04-14 13:51:53 Editing database entry from inda to mbwa
2010-04-14 13:51:53 Editing ID: [someone who prevents you from enjoying something that they themselves have no need for, null, 162022, 77171]
2010-04-14 13:51:55 [ INFO ] The edit was successful
2010-04-14 13:51:56 Updated edit log
2010-04-14 13:51:56 2 results matched for "dog" from English
2010-04-14 13:52:04 [ Wed Apr 14 13:52:04 EAT 2010 Linux 2.6.32.11-99.fc12.i686 1.6.0_13 Sun Microsystems Inc. ]
2010-04-14 13:52:07 20 results matched for "do" from English
2010-04-14 13:52:09 40 results matched for "do*" from English
2010-04-14 13:52:18 Editing database entry from tunguliwa to tunguliwakilikitu
2010-04-14 13:52:18 Editing ID: [null, null, 181038, 110274]
2010-04-14 13:52:19 [ INFO ] The edit was successful
2010-04-14 13:52:20 Updated edit log
2010-04-14 13:52:20 40 results matched for "do*" from English
2010-04-14 16:04:32 [ Wed Apr 14 16:04:32 EAT 2010 Linux 2.6.32.11-99.fc12.i686 1.6.0_13 Sun Microsystems Inc. ]
2010-04-14 16:04:37 20 results matched for "do" from English
2010-04-14 16:04:37 2 results matched for "dog" from English
2010-04-14 16:04:41 Editing database entry from inda to inda|
2010-04-14 16:04:41 Editing ID: [someone who prevents you from enjoying something that they themselves have no need for, null, 162022, 77171]
2010-04-14 16:04:43 [ INFO ] The edit was successful
2010-04-14 16:04:45 Updated edit log
2010-04-14 16:04:45 2 results matched for "dog" from English
2010-04-14 16:05:12 [ Wed Apr 14 16:05:12 EAT 2010 Linux 2.6.32.11-99.fc12.i686 1.6.0_13 Sun Microsystems Inc. ]
2010-04-14 16:05:16 20 results matched for "do" from English
2010-04-14 16:05:16 2 results matched for "dog" from English
2010-04-14 16:05:19 Editing database entry from inda to inda|
2010-04-14 16:05:19 [ WARNING ] Oops, something did not work.
Check your log files for further details regarding this error.
2010-04-14 16:05:22 2 results matched for "dog" from English
