2010-04-13 14:56:52 [ Tue Apr 13 14:56:52 EAT 2010 Linux 2.6.32.11-99.fc12.i686 1.6.0_13 Sun Microsystems Inc. ]
2010-04-13 14:56:55 [ WARNING ] Mandatory field(s) missing values
2010-04-13 14:56:59 [ WARNING ] Mandatory field(s) missing values
2010-04-13 14:57:06 [ System Error ]
java.sql.SQLException: no such table: dict
at org.sqlite.DB.throwex(DB.java:288)
at org.sqlite.NativeDB.prepare(NativeDB.java:-2)
at org.sqlite.DB.prepare(DB.java:114)
at org.sqlite.PrepStmt.<init>(PrepStmt.java:37)
at org.sqlite.Conn.prepareStatement(Conn.java:231)
at org.sqlite.Conn.prepareStatement(Conn.java:224)
at org.sqlite.Conn.prepareStatement(Conn.java:213)
at org.kamusi.Editor.addWord(Editor.java:714)
at org.kamusi.WordAdder.addWord(WordAdder.java:552)
at org.kamusi.WordAdder.addNewWordButtonActionPerformed(WordAdder.java:460)
at org.kamusi.WordAdder.access$100(WordAdder.java:13)
at org.kamusi.WordAdder$2.actionPerformed(WordAdder.java:128)
at javax.swing.AbstractButton.fireActionPerformed(AbstractButton.java:1995)
at javax.swing.AbstractButton$Handler.actionPerformed(AbstractButton.java:2318)
at javax.swing.DefaultButtonModel.fireActionPerformed(DefaultButtonModel.java:387)
at javax.swing.DefaultButtonModel.setPressed(DefaultButtonModel.java:242)
at javax.swing.plaf.basic.BasicButtonListener.mouseReleased(BasicButtonListener.java:236)
at java.awt.AWTEventMulticaster.mouseReleased(AWTEventMulticaster.java:272)
at java.awt.Component.processMouseEvent(Component.java:6216)
at javax.swing.JComponent.processMouseEvent(JComponent.java:3265)
at java.awt.Component.processEvent(Component.java:5981)
at java.awt.Container.processEvent(Container.java:2041)
at java.awt.Component.dispatchEventImpl(Component.java:4583)
at java.awt.Container.dispatchEventImpl(Container.java:2099)
at java.awt.Component.dispatchEvent(Component.java:4413)
at java.awt.LightweightDispatcher.retargetMouseEvent(Container.java:4556)
at java.awt.LightweightDispatcher.processMouseEvent(Container.java:4220)
at java.awt.LightweightDispatcher.dispatchEvent(Container.java:4150)
at java.awt.Container.dispatchEventImpl(Container.java:2085)
at java.awt.Window.dispatchEventImpl(Window.java:2475)
at java.awt.Component.dispatchEvent(Component.java:4413)
at java.awt.EventQueue.dispatchEvent(EventQueue.java:599)
at java.awt.EventDispatchThread.pumpOneEventForFilters(EventDispatchThread.java:269)
at java.awt.EventDispatchThread.pumpEventsForFilter(EventDispatchThread.java:184)
at java.awt.EventDispatchThread.pumpEventsForHierarchy(EventDispatchThread.java:174)
at java.awt.EventDispatchThread.pumpEvents(EventDispatchThread.java:169)
at java.awt.EventDispatchThread.pumpEvents(EventDispatchThread.java:161)
at java.awt.EventDispatchThread.run(EventDispatchThread.java:122)

2010-04-13 14:57:10 53657276657220726573706F6E73652066726F6D20627567207265706F7274202D203E206E756C6C
2010-04-13 14:57:10 53657276657220726573706F6E73652066726F6D20627567207265706F7274202D203E206E756C6C
2010-04-13 14:57:10 53657276657220726573706F6E73652066726F6D20627567207265706F7274202D203E206E756C6C
2010-04-13 14:57:10 53657276657220726573706F6E73652066726F6D20627567207265706F7274202D203E206E756C6C
2010-04-13 14:57:10 53657276657220726573706F6E73652066726F6D20627567207265706F7274202D203E206E756C6C
2010-04-13 14:57:10 53657276657220726573706F6E73652066726F6D20627567207265706F7274202D203E206E756C6C
2010-04-13 14:57:10 53657276657220726573706F6E73652066726F6D20627567207265706F7274202D203E206E756C6C
2010-04-13 14:57:10 [ INFO ] Thank you for sending the report.
2010-04-13 14:59:21 [ System Error ]
java.sql.SQLException: no such table: dict
at org.sqlite.DB.throwex(DB.java:288)
at org.sqlite.NativeDB.prepare(NativeDB.java:-2)
at org.sqlite.DB.prepare(DB.java:114)
at org.sqlite.PrepStmt.<init>(PrepStmt.java:37)
at org.sqlite.Conn.prepareStatement(Conn.java:231)
at org.sqlite.Conn.prepareStatement(Conn.java:224)
at org.sqlite.Conn.prepareStatement(Conn.java:213)
at org.kamusi.Editor.addWord(Editor.java:714)
at org.kamusi.WordAdder.addWord(WordAdder.java:552)
at org.kamusi.WordAdder.addNewWordButtonActionPerformed(WordAdder.java:460)
at org.kamusi.WordAdder.access$100(WordAdder.java:13)
at org.kamusi.WordAdder$2.actionPerformed(WordAdder.java:128)
at javax.swing.AbstractButton.fireActionPerformed(AbstractButton.java:1995)
at javax.swing.AbstractButton$Handler.actionPerformed(AbstractButton.java:2318)
at javax.swing.DefaultButtonModel.fireActionPerformed(DefaultButtonModel.java:387)
at javax.swing.DefaultButtonModel.setPressed(DefaultButtonModel.java:242)
at javax.swing.plaf.basic.BasicButtonListener.mouseReleased(BasicButtonListener.java:236)
at java.awt.AWTEventMulticaster.mouseReleased(AWTEventMulticaster.java:272)
at java.awt.Component.processMouseEvent(Component.java:6216)
at javax.swing.JComponent.processMouseEvent(JComponent.java:3265)
at java.awt.Component.processEvent(Component.java:5981)
at java.awt.Container.processEvent(Container.java:2041)
at java.awt.Component.dispatchEventImpl(Component.java:4583)
at java.awt.Container.dispatchEventImpl(Container.java:2099)
at java.awt.Component.dispatchEvent(Component.java:4413)
at java.awt.LightweightDispatcher.retargetMouseEvent(Container.java:4556)
at java.awt.LightweightDispatcher.processMouseEvent(Container.java:4220)
at java.awt.LightweightDispatcher.dispatchEvent(Container.java:4150)
at java.awt.Container.dispatchEventImpl(Container.java:2085)
at java.awt.Window.dispatchEventImpl(Window.java:2475)
at java.awt.Component.dispatchEvent(Component.java:4413)
at java.awt.EventQueue.dispatchEvent(EventQueue.java:599)
at java.awt.EventDispatchThread.pumpOneEventForFilters(EventDispatchThread.java:269)
at java.awt.EventDispatchThread.pumpEventsForFilter(EventDispatchThread.java:184)
at java.awt.EventDispatchThread.pumpEventsForHierarchy(EventDispatchThread.java:174)
at java.awt.EventDispatchThread.pumpEvents(EventDispatchThread.java:169)
at java.awt.EventDispatchThread.pumpEvents(EventDispatchThread.java:161)
at java.awt.EventDispatchThread.run(EventDispatchThread.java:122)

2010-04-13 14:59:25 53657276657220726573706F6E73652066726F6D20627567207265706F7274202D203E206E756C6C
2010-04-13 14:59:25 53657276657220726573706F6E73652066726F6D20627567207265706F7274202D203E206E756C6C
2010-04-13 14:59:25 53657276657220726573706F6E73652066726F6D20627567207265706F7274202D203E206E756C6C
2010-04-13 14:59:25 53657276657220726573706F6E73652066726F6D20627567207265706F7274202D203E206E756C6C
2010-04-13 14:59:25 53657276657220726573706F6E73652066726F6D20627567207265706F7274202D203E206E756C6C
2010-04-13 14:59:25 53657276657220726573706F6E73652066726F6D20627567207265706F7274202D203E206E756C6C
2010-04-13 14:59:25 53657276657220726573706F6E73652066726F6D20627567207265706F7274202D203E206E756C6C
2010-04-13 14:59:25 [ INFO ] Thank you for sending the report.
