2010-01-21 12:09:18 [ Thu Jan 21 12:09:18 CAT 2010 Linux 2.6.31.9-174.fc12.i686 1.6.0_13 Sun Microsystems Inc. ]
2010-01-21 12:09:29 [ System Error ]
java.net.ConnectException: Connection refused
at sun.reflect.NativeConstructorAccessorImpl.newInstance0(NativeConstructorAccessorImpl.java:-2)
at sun.reflect.NativeConstructorAccessorImpl.newInstance(NativeConstructorAccessorImpl.java:39)
at sun.reflect.DelegatingConstructorAccessorImpl.newInstance(DelegatingConstructorAccessorImpl.java:27)
at java.lang.reflect.Constructor.newInstance(Constructor.java:513)
at sun.net.www.protocol.http.HttpURLConnection$6.run(HttpURLConnection.java:1360)
at java.security.AccessController.doPrivileged(AccessController.java:-2)
at sun.net.www.protocol.http.HttpURLConnection.getChainedException(HttpURLConnection.java:1354)
at sun.net.www.protocol.http.HttpURLConnection.getInputStream(HttpURLConnection.java:1008)
at org.kamusi.Synchronizer.getSizeOfUpdate(Synchronizer.java:138)
at org.kamusi.MainWindow.synchronizeDatabases(MainWindow.java:1009)
at org.kamusi.MainWindow.access$1400(MainWindow.java:53)
at org.kamusi.MainWindow$4.actionPerformed(MainWindow.java:312)
at javax.swing.AbstractButton.fireActionPerformed(AbstractButton.java:1995)
at javax.swing.AbstractButton$Handler.actionPerformed(AbstractButton.java:2318)
at javax.swing.DefaultButtonModel.fireActionPerformed(DefaultButtonModel.java:387)
at javax.swing.DefaultButtonModel.setPressed(DefaultButtonModel.java:242)
at javax.swing.AbstractButton.doClick(AbstractButton.java:357)
at javax.swing.plaf.basic.BasicMenuItemUI.doClick(BasicMenuItemUI.java:1225)
at javax.swing.plaf.basic.BasicMenuItemUI$Handler.mouseReleased(BasicMenuItemUI.java:1266)
at java.awt.Component.processMouseEvent(Component.java:6216)
at javax.swing.JComponent.processMouseEvent(JComponent.java:3265)
at java.awt.Component.processEvent(Component.java:5981)
at java.awt.Container.processEvent(Container.java:2041)
at java.awt.Component.dispatchEventImpl(Component.java:4583)
at java.awt.Container.dispatchEventImpl(Container.java:2099)
at java.awt.Component.dispatchEvent(Component.java:4413)
at java.awt.LightweightDispatcher.retargetMouseEvent(Container.java:4556)
at java.awt.LightweightDispatcher.processMouseEvent(Container.java:4220)
at java.awt.LightweightDispatcher.dispatchEvent(Container.java:4150)
at java.awt.Container.dispatchEventImpl(Container.java:2085)
at java.awt.Window.dispatchEventImpl(Window.java:2475)
at java.awt.Component.dispatchEvent(Component.java:4413)
at java.awt.EventQueue.dispatchEvent(EventQueue.java:599)
at java.awt.EventDispatchThread.pumpOneEventForFilters(EventDispatchThread.java:269)
at java.awt.EventDispatchThread.pumpEventsForFilter(EventDispatchThread.java:184)
at java.awt.EventDispatchThread.pumpEventsForHierarchy(EventDispatchThread.java:174)
at java.awt.EventDispatchThread.pumpEvents(EventDispatchThread.java:169)
at java.awt.EventDispatchThread.pumpEvents(EventDispatchThread.java:161)
at java.awt.EventDispatchThread.run(EventDispatchThread.java:122)

2010-01-21 12:11:03 [ Thu Jan 21 12:11:03 CAT 2010 Linux 2.6.31.9-174.fc12.i686 1.6.0_13 Sun Microsystems Inc. ]
2010-01-21 12:11:08 [ System Error ]
java.net.ConnectException: Connection refused
at sun.reflect.NativeConstructorAccessorImpl.newInstance0(NativeConstructorAccessorImpl.java:-2)
at sun.reflect.NativeConstructorAccessorImpl.newInstance(NativeConstructorAccessorImpl.java:39)
at sun.reflect.DelegatingConstructorAccessorImpl.newInstance(DelegatingConstructorAccessorImpl.java:27)
at java.lang.reflect.Constructor.newInstance(Constructor.java:513)
at sun.net.www.protocol.http.HttpURLConnection$6.run(HttpURLConnection.java:1360)
at java.security.AccessController.doPrivileged(AccessController.java:-2)
at sun.net.www.protocol.http.HttpURLConnection.getChainedException(HttpURLConnection.java:1354)
at sun.net.www.protocol.http.HttpURLConnection.getInputStream(HttpURLConnection.java:1008)
at org.kamusi.Synchronizer.getSizeOfUpdate(Synchronizer.java:141)
at org.kamusi.MainWindow.synchronizeDatabases(MainWindow.java:1009)
at org.kamusi.MainWindow.access$1400(MainWindow.java:53)
at org.kamusi.MainWindow$4.actionPerformed(MainWindow.java:312)
at javax.swing.AbstractButton.fireActionPerformed(AbstractButton.java:1995)
at javax.swing.AbstractButton$Handler.actionPerformed(AbstractButton.java:2318)
at javax.swing.DefaultButtonModel.fireActionPerformed(DefaultButtonModel.java:387)
at javax.swing.DefaultButtonModel.setPressed(DefaultButtonModel.java:242)
at javax.swing.AbstractButton.doClick(AbstractButton.java:357)
at javax.swing.plaf.basic.BasicMenuItemUI.doClick(BasicMenuItemUI.java:1225)
at javax.swing.plaf.basic.BasicMenuItemUI$Handler.mouseReleased(BasicMenuItemUI.java:1266)
at java.awt.Component.processMouseEvent(Component.java:6216)
at javax.swing.JComponent.processMouseEvent(JComponent.java:3265)
at java.awt.Component.processEvent(Component.java:5981)
at java.awt.Container.processEvent(Container.java:2041)
at java.awt.Component.dispatchEventImpl(Component.java:4583)
at java.awt.Container.dispatchEventImpl(Container.java:2099)
at java.awt.Component.dispatchEvent(Component.java:4413)
at java.awt.LightweightDispatcher.retargetMouseEvent(Container.java:4556)
at java.awt.LightweightDispatcher.processMouseEvent(Container.java:4220)
at java.awt.LightweightDispatcher.dispatchEvent(Container.java:4150)
at java.awt.Container.dispatchEventImpl(Container.java:2085)
at java.awt.Window.dispatchEventImpl(Window.java:2475)
at java.awt.Component.dispatchEvent(Component.java:4413)
at java.awt.EventQueue.dispatchEvent(EventQueue.java:599)
at java.awt.EventDispatchThread.pumpOneEventForFilters(EventDispatchThread.java:269)
at java.awt.EventDispatchThread.pumpEventsForFilter(EventDispatchThread.java:184)
at java.awt.EventDispatchThread.pumpEventsForHierarchy(EventDispatchThread.java:174)
at java.awt.EventDispatchThread.pumpEvents(EventDispatchThread.java:169)
at java.awt.EventDispatchThread.pumpEvents(EventDispatchThread.java:161)
at java.awt.EventDispatchThread.run(EventDispatchThread.java:122)

2010-01-21 12:11:27 [ Thu Jan 21 12:11:27 CAT 2010 Linux 2.6.31.9-174.fc12.i686 1.6.0_13 Sun Microsystems Inc. ]
2010-01-21 12:11:34 Posting: update=55504441544520444943542053455420456E676C697368576F7264203D203F205748455245204964203D203F7C73616D706C657465737431323334353637647C35373531337C61727468757262756C697661 to http://localhost:8080/kamusiproject/
2010-01-21 12:11:34 Fetching: http://localhost:8080/kamusiproject//fetchupdate.jsp?update=1261727443654
2010-01-21 12:11:35 You have successfully synchronized your computer with the newest data from kamusi.org!
2010-01-21 12:11:35 [ INFO ] You have successfully synchronized your computer with the newest data from kamusi.org!
2010-01-21 12:13:45 [ Thu Jan 21 12:13:45 CAT 2010 Linux 2.6.31.9-174.fc12.i686 1.6.0_13 Sun Microsystems Inc. ]
2010-01-21 12:13:52 We are updating database on your computer. So far we have downloaded 0 out of 6,660,096 bytes ( 0 % )
2010-01-21 12:13:52 We are updating database on your computer. So far we have downloaded 0 out of 6,660,096 bytes ( 0 % )
2010-01-21 12:13:52 We are updating database on your computer. So far we have downloaded 0 out of 6,660,096 bytes ( 0 % )
2010-01-21 12:13:52 We are updating database on your computer. So far we have downloaded 120,832 out of 6,660,096 bytes ( 1 % )
2010-01-21 12:13:52 We are updating database on your computer. So far we have downloaded 776,325 out of 6,660,096 bytes ( 11 % )
2010-01-21 12:13:52 We are updating database on your computer. So far we have downloaded 1,218,693 out of 6,660,096 bytes ( 18 % )
2010-01-21 12:13:52 We are updating database on your computer. So far we have downloaded 1,906,821 out of 6,660,096 bytes ( 28 % )
2010-01-21 12:13:52 We are updating database on your computer. So far we have downloaded 2,250,885 out of 6,660,096 bytes ( 33 % )
2010-01-21 12:13:52 We are updating database on your computer. So far we have downloaded 2,545,797 out of 6,660,096 bytes ( 38 % )
2010-01-21 12:13:52 We are updating database on your computer. So far we have downloaded 2,840,709 out of 6,660,096 bytes ( 42 % )
2010-01-21 12:13:52 We are updating database on your computer. So far we have downloaded 3,135,621 out of 6,660,096 bytes ( 47 % )
2010-01-21 12:13:52 We are updating database on your computer. So far we have downloaded 3,325,952 out of 6,660,096 bytes ( 49 % )
2010-01-21 12:13:52 We are updating database on your computer. So far we have downloaded 3,577,989 out of 6,660,096 bytes ( 53 % )
2010-01-21 12:13:52 We are updating database on your computer. So far we have downloaded 4,082,821 out of 6,660,096 bytes ( 61 % )
2010-01-21 12:13:52 We are updating database on your computer. So far we have downloaded 4,796,416 out of 6,660,096 bytes ( 72 % )
2010-01-21 12:13:52 We are updating database on your computer. So far we have downloaded 5,052,549 out of 6,660,096 bytes ( 75 % )
2010-01-21 12:13:52 We are updating database on your computer. So far we have downloaded 5,607,557 out of 6,660,096 bytes ( 84 % )
2010-01-21 12:13:52 We are updating database on your computer. So far we have downloaded 6,311,936 out of 6,660,096 bytes ( 94 % )
2010-01-21 12:13:52 We are updating database on your computer. So far we have downloaded 6,658,181 out of 6,660,096 bytes ( 99 % )
2010-01-21 12:13:52 We are updating database on your computer. So far we have downloaded 6,660,096 out of 6,660,096 bytes ( 100 % )
2010-01-21 12:13:52 [ INFO ] You have successfully downloaded the entire current database from kamusi.org!
2010-01-21 12:14:12 Cleanup successful
2010-01-21 12:14:47 [ Thu Jan 21 12:14:46 CAT 2010 Linux 2.6.31.9-174.fc12.i686 1.6.0_13 Sun Microsystems Inc. ]
2010-01-21 12:14:51 We are updating database on your computer. So far we have downloaded 0 out of 6,660,096 bytes ( 0 % )
2010-01-21 12:14:51 We are updating database on your computer. So far we have downloaded 874,653 out of 6,660,096 bytes ( 13 % )
2010-01-21 12:14:51 We are updating database on your computer. So far we have downloaded 1,258,653 out of 6,660,096 bytes ( 18 % )
2010-01-21 12:14:51 We are updating database on your computer. So far we have downloaded 1,771,677 out of 6,660,096 bytes ( 26 % )
2010-01-21 12:14:51 We are updating database on your computer. So far we have downloaded 2,451,613 out of 6,660,096 bytes ( 36 % )
2010-01-21 12:14:51 We are updating database on your computer. So far we have downloaded 3,242,141 out of 6,660,096 bytes ( 48 % )
2010-01-21 12:14:51 We are updating database on your computer. So far we have downloaded 3,916,957 out of 6,660,096 bytes ( 58 % )
2010-01-21 12:14:51 We are updating database on your computer. So far we have downloaded 4,815,005 out of 6,660,096 bytes ( 72 % )
2010-01-21 12:14:51 We are updating database on your computer. So far we have downloaded 5,388,445 out of 6,660,096 bytes ( 80 % )
2010-01-21 12:14:51 We are updating database on your computer. So far we have downloaded 6,008,989 out of 6,660,096 bytes ( 90 % )
2010-01-21 12:14:51 We are updating database on your computer. So far we have downloaded 6,660,096 out of 6,660,096 bytes ( 100 % )
2010-01-21 12:14:51 We are updating database on your computer. So far we have downloaded 6,658,205 out of 6,660,096 bytes ( 99 % )
2010-01-21 12:14:51 [ INFO ] You have successfully downloaded the entire current database from kamusi.org!
2010-01-21 12:15:04 Cleanup successful
