2010-05-03 12:37:09 [ Mon May 03 12:37:09 EAT 2010 Linux 2.6.32.11-99.fc12.i686 1.6.0_13 Sun Microsystems Inc. ]
2010-05-03 12:37:25 12 results matched for "be" from English
2010-05-03 12:37:33 15 results matched for "no" from English
2010-05-03 12:37:33 4 results matched for "north" from English
2010-05-03 12:37:37 Editing database entry from kaskazini to kaskazini.
2010-05-03 12:37:37 Editing ID: [null, null, 28799, 79789]
2010-05-03 12:37:38 [ INFO ] The edit was successful
2010-05-03 12:37:39 Updated edit log
2010-05-03 12:37:39 4 results matched for "north" from English
2010-05-03 12:37:52 Posting: update=5550444154452070616C646F20534554206F726F6F74203D203F205748455245206465666E203D203F20616E64206F6465666E203D203F20616E64206E6964203D203F20616E64206F6E6964203D203F7C6B75656E64612F6B77656E64612068756B6F7C5B6E756C6C2C206E756C6C2C2032393535302C20393134345D7C61727468757262756C697661 to http://173.203.102.17:8080/kamusiproject/
2010-05-03 12:37:52 [ System Error ]
java.io.IOException: Server returned HTTP response code: 500 for URL: http://173.203.102.17:8080/kamusiproject/
at sun.net.www.protocol.http.HttpURLConnection.getInputStream(HttpURLConnection.java:1305)
at org.kamusi.Synchronizer.copyLocalToRemote(Synchronizer.java:310)
at org.kamusi.Synchronizer.synchronizeDatabases(Synchronizer.java:106)
at org.kamusi.Synchronizer.synchronize(Synchronizer.java:80)
at org.kamusi.MainWindow.synchronizeDatabases(MainWindow.java:1038)
at org.kamusi.MainWindow.access$1400(MainWindow.java:53)
at org.kamusi.MainWindow$4.actionPerformed(MainWindow.java:312)
at javax.swing.AbstractButton.fireActionPerformed(AbstractButton.java:1995)
at javax.swing.AbstractButton$Handler.actionPerformed(AbstractButton.java:2318)
at javax.swing.DefaultButtonModel.fireActionPerformed(DefaultButtonModel.java:387)
at javax.swing.DefaultButtonModel.setPressed(DefaultButtonModel.java:242)
at javax.swing.AbstractButton.doClick(AbstractButton.java:357)
at javax.swing.plaf.basic.BasicMenuItemUI.doClick(BasicMenuItemUI.java:1225)
at javax.swing.plaf.basic.BasicMenuItemUI$Handler.mouseReleased(BasicMenuItemUI.java:1266)
at java.awt.Component.processMouseEvent(Component.java:6216)
at javax.swing.JComponent.processMouseEvent(JComponent.java:3265)
at java.awt.Component.processEvent(Component.java:5981)
at java.awt.Container.processEvent(Container.java:2041)
at java.awt.Component.dispatchEventImpl(Component.java:4583)
at java.awt.Container.dispatchEventImpl(Container.java:2099)
at java.awt.Component.dispatchEvent(Component.java:4413)
at java.awt.LightweightDispatcher.retargetMouseEvent(Container.java:4556)
at java.awt.LightweightDispatcher.processMouseEvent(Container.java:4220)
at java.awt.LightweightDispatcher.dispatchEvent(Container.java:4150)
at java.awt.Container.dispatchEventImpl(Container.java:2085)
at java.awt.Window.dispatchEventImpl(Window.java:2475)
at java.awt.Component.dispatchEvent(Component.java:4413)
at java.awt.EventQueue.dispatchEvent(EventQueue.java:599)
at java.awt.EventDispatchThread.pumpOneEventForFilters(EventDispatchThread.java:269)
at java.awt.EventDispatchThread.pumpEventsForFilter(EventDispatchThread.java:184)
at java.awt.EventDispatchThread.pumpEventsForHierarchy(EventDispatchThread.java:174)
at java.awt.EventDispatchThread.pumpEvents(EventDispatchThread.java:169)
at java.awt.EventDispatchThread.pumpEvents(EventDispatchThread.java:161)
at java.awt.EventDispatchThread.run(EventDispatchThread.java:122)

2010-05-03 12:38:11 53657276657220726573706F6E73652066726F6D20627567207265706F7274202D203E206E756C6C
2010-05-03 12:38:11 53657276657220726573706F6E73652066726F6D20627567207265706F7274202D203E206E756C6C
2010-05-03 12:38:11 53657276657220726573706F6E73652066726F6D20627567207265706F7274202D203E206E756C6C
2010-05-03 12:38:11 53657276657220726573706F6E73652066726F6D20627567207265706F7274202D203E206E756C6C
2010-05-03 12:38:11 53657276657220726573706F6E73652066726F6D20627567207265706F7274202D203E206E756C6C
2010-05-03 12:38:11 53657276657220726573706F6E73652066726F6D20627567207265706F7274202D203E206E756C6C
2010-05-03 12:38:11 53657276657220726573706F6E73652066726F6D20627567207265706F7274202D203E206E756C6C
2010-05-03 12:38:11 [ INFO ] Thank you for sending the report.
2010-05-03 12:38:12 UPDATE paldo SET oroot = ? WHERE defn = ? and odefn = ? and nid = ? and onid = ?|kuenda/kwenda huko|[null, null, 29550, 9144]|arthurbuliva
2010-05-03 12:38:12 UPDATE paldo SET oroot = ? WHERE defn = ? and odefn = ? and nid = ? and onid = ?|mbwa|[someone who prevents you from enjoying something that they themselves have no need for, null, 162022, 77171]|arthurbuliva
2010-05-03 12:38:12 UPDATE paldo SET oroot = ? WHERE defn = ? and odefn = ? and nid = ? and onid = ?|mbwa|[someone who prevents you from enjoying something that they themselves have no need for, null, 162022, 77171]|arthurbuliva
2010-05-03 12:38:12 UPDATE paldo SET oroot = ? WHERE defn = ? and odefn = ? and nid = ? and onid = ?|tunguliwakilikitu|[null, null, 181038, 110274]|arthurbuliva
2010-05-03 12:38:12 dog|UPDATE paldo SET oroot = ? WHERE defn = ? and odefn = ? and nid = ? and onid = ?|inda||[someone who prevents you from enjoying something that they themselves have no need for, null, 162022, 77171]|arthurbuliva
2010-05-03 12:38:12 [ System Error ]
java.sql.SQLException: near "dog": syntax error
at org.sqlite.DB.throwex(DB.java:288)
at org.sqlite.NativeDB.prepare(NativeDB.java:-2)
at org.sqlite.DB.prepare(DB.java:114)
at org.sqlite.PrepStmt.<init>(PrepStmt.java:37)
at org.sqlite.Conn.prepareStatement(Conn.java:231)
at org.sqlite.Conn.prepareStatement(Conn.java:224)
at org.sqlite.Conn.prepareStatement(Conn.java:213)
at org.kamusi.Synchronizer.updateLocalDatabase(Synchronizer.java:399)
at org.kamusi.Synchronizer.updateLocalLog(Synchronizer.java:189)
at org.kamusi.Synchronizer.synchronize(Synchronizer.java:83)
at org.kamusi.MainWindow.synchronizeDatabases(MainWindow.java:1038)
at org.kamusi.MainWindow.access$1400(MainWindow.java:53)
at org.kamusi.MainWindow$4.actionPerformed(MainWindow.java:312)
at javax.swing.AbstractButton.fireActionPerformed(AbstractButton.java:1995)
at javax.swing.AbstractButton$Handler.actionPerformed(AbstractButton.java:2318)
at javax.swing.DefaultButtonModel.fireActionPerformed(DefaultButtonModel.java:387)
at javax.swing.DefaultButtonModel.setPressed(DefaultButtonModel.java:242)
at javax.swing.AbstractButton.doClick(AbstractButton.java:357)
at javax.swing.plaf.basic.BasicMenuItemUI.doClick(BasicMenuItemUI.java:1225)
at javax.swing.plaf.basic.BasicMenuItemUI$Handler.mouseReleased(BasicMenuItemUI.java:1266)
at java.awt.Component.processMouseEvent(Component.java:6216)
at javax.swing.JComponent.processMouseEvent(JComponent.java:3265)
at java.awt.Component.processEvent(Component.java:5981)
at java.awt.Container.processEvent(Container.java:2041)
at java.awt.Component.dispatchEventImpl(Component.java:4583)
at java.awt.Container.dispatchEventImpl(Container.java:2099)
at java.awt.Component.dispatchEvent(Component.java:4413)
at java.awt.LightweightDispatcher.retargetMouseEvent(Container.java:4556)
at java.awt.LightweightDispatcher.processMouseEvent(Container.java:4220)
at java.awt.LightweightDispatcher.dispatchEvent(Container.java:4150)
at java.awt.Container.dispatchEventImpl(Container.java:2085)
at java.awt.Window.dispatchEventImpl(Window.java:2475)
at java.awt.Component.dispatchEvent(Component.java:4413)
at java.awt.EventQueue.dispatchEvent(EventQueue.java:599)
at java.awt.EventDispatchThread.pumpOneEventForFilters(EventDispatchThread.java:269)
at java.awt.EventDispatchThread.pumpEventsForFilter(EventDispatchThread.java:184)
at java.awt.EventDispatchThread.pumpEventsForHierarchy(EventDispatchThread.java:174)
at java.awt.EventDispatchThread.pumpEvents(EventDispatchThread.java:169)
at java.awt.EventDispatchThread.pumpEvents(EventDispatchThread.java:161)
at java.awt.EventDispatchThread.run(EventDispatchThread.java:122)

2010-05-03 12:38:17 [ System Error ]
java.lang.NullPointerException
at org.kamusi.Synchronizer.updateLocalDatabase(Synchronizer.java:423)
at org.kamusi.Synchronizer.updateLocalLog(Synchronizer.java:189)
at org.kamusi.Synchronizer.synchronize(Synchronizer.java:83)
at org.kamusi.MainWindow.synchronizeDatabases(MainWindow.java:1038)
at org.kamusi.MainWindow.access$1400(MainWindow.java:53)
at org.kamusi.MainWindow$4.actionPerformed(MainWindow.java:312)
at javax.swing.AbstractButton.fireActionPerformed(AbstractButton.java:1995)
at javax.swing.AbstractButton$Handler.actionPerformed(AbstractButton.java:2318)
at javax.swing.DefaultButtonModel.fireActionPerformed(DefaultButtonModel.java:387)
at javax.swing.DefaultButtonModel.setPressed(DefaultButtonModel.java:242)
at javax.swing.AbstractButton.doClick(AbstractButton.java:357)
at javax.swing.plaf.basic.BasicMenuItemUI.doClick(BasicMenuItemUI.java:1225)
at javax.swing.plaf.basic.BasicMenuItemUI$Handler.mouseReleased(BasicMenuItemUI.java:1266)
at java.awt.Component.processMouseEvent(Component.java:6216)
at javax.swing.JComponent.processMouseEvent(JComponent.java:3265)
at java.awt.Component.processEvent(Component.java:5981)
at java.awt.Container.processEvent(Container.java:2041)
at java.awt.Component.dispatchEventImpl(Component.java:4583)
at java.awt.Container.dispatchEventImpl(Container.java:2099)
at java.awt.Component.dispatchEvent(Component.java:4413)
at java.awt.LightweightDispatcher.retargetMouseEvent(Container.java:4556)
at java.awt.LightweightDispatcher.processMouseEvent(Container.java:4220)
at java.awt.LightweightDispatcher.dispatchEvent(Container.java:4150)
at java.awt.Container.dispatchEventImpl(Container.java:2085)
at java.awt.Window.dispatchEventImpl(Window.java:2475)
at java.awt.Component.dispatchEvent(Component.java:4413)
at java.awt.EventQueue.dispatchEvent(EventQueue.java:599)
at java.awt.EventDispatchThread.pumpOneEventForFilters(EventDispatchThread.java:269)
at java.awt.EventDispatchThread.pumpEventsForFilter(EventDispatchThread.java:184)
at java.awt.EventDispatchThread.pumpEventsForHierarchy(EventDispatchThread.java:174)
at java.awt.EventDispatchThread.pumpEvents(EventDispatchThread.java:169)
at java.awt.EventDispatchThread.pumpEvents(EventDispatchThread.java:161)
at java.awt.EventDispatchThread.run(EventDispatchThread.java:122)

2010-05-03 12:38:21 53657276657220726573706F6E73652066726F6D20627567207265706F7274202D203E206E756C6C
2010-05-03 12:38:21 53657276657220726573706F6E73652066726F6D20627567207265706F7274202D203E206E756C6C
2010-05-03 12:38:21 53657276657220726573706F6E73652066726F6D20627567207265706F7274202D203E206E756C6C
2010-05-03 12:38:21 53657276657220726573706F6E73652066726F6D20627567207265706F7274202D203E206E756C6C
2010-05-03 12:38:21 53657276657220726573706F6E73652066726F6D20627567207265706F7274202D203E206E756C6C
2010-05-03 12:38:21 53657276657220726573706F6E73652066726F6D20627567207265706F7274202D203E206E756C6C
2010-05-03 12:38:21 53657276657220726573706F6E73652066726F6D20627567207265706F7274202D203E206E756C6C
2010-05-03 12:38:21 [ INFO ] Thank you for sending the report.
2010-05-03 12:38:22 dog|UPDATE paldo SET oroot = ? WHERE defn = ? and odefn = ? and nid = ? and onid = ?|indanya|[someone who prevents you from enjoying something that they themselves have no need for, null, 162022, 77171]|arthurbuliva
2010-05-03 12:38:22 [ System Error ]
java.sql.SQLException: near "dog": syntax error
at org.sqlite.DB.throwex(DB.java:288)
at org.sqlite.NativeDB.prepare(NativeDB.java:-2)
at org.sqlite.DB.prepare(DB.java:114)
at org.sqlite.PrepStmt.<init>(PrepStmt.java:37)
at org.sqlite.Conn.prepareStatement(Conn.java:231)
at org.sqlite.Conn.prepareStatement(Conn.java:224)
at org.sqlite.Conn.prepareStatement(Conn.java:213)
at org.kamusi.Synchronizer.updateLocalDatabase(Synchronizer.java:399)
at org.kamusi.Synchronizer.updateLocalLog(Synchronizer.java:189)
at org.kamusi.Synchronizer.synchronize(Synchronizer.java:83)
at org.kamusi.MainWindow.synchronizeDatabases(MainWindow.java:1038)
at org.kamusi.MainWindow.access$1400(MainWindow.java:53)
at org.kamusi.MainWindow$4.actionPerformed(MainWindow.java:312)
at javax.swing.AbstractButton.fireActionPerformed(AbstractButton.java:1995)
at javax.swing.AbstractButton$Handler.actionPerformed(AbstractButton.java:2318)
at javax.swing.DefaultButtonModel.fireActionPerformed(DefaultButtonModel.java:387)
at javax.swing.DefaultButtonModel.setPressed(DefaultButtonModel.java:242)
at javax.swing.AbstractButton.doClick(AbstractButton.java:357)
at javax.swing.plaf.basic.BasicMenuItemUI.doClick(BasicMenuItemUI.java:1225)
at javax.swing.plaf.basic.BasicMenuItemUI$Handler.mouseReleased(BasicMenuItemUI.java:1266)
at java.awt.Component.processMouseEvent(Component.java:6216)
at javax.swing.JComponent.processMouseEvent(JComponent.java:3265)
at java.awt.Component.processEvent(Component.java:5981)
at java.awt.Container.processEvent(Container.java:2041)
at java.awt.Component.dispatchEventImpl(Component.java:4583)
at java.awt.Container.dispatchEventImpl(Container.java:2099)
at java.awt.Component.dispatchEvent(Component.java:4413)
at java.awt.LightweightDispatcher.retargetMouseEvent(Container.java:4556)
at java.awt.LightweightDispatcher.processMouseEvent(Container.java:4220)
at java.awt.LightweightDispatcher.dispatchEvent(Container.java:4150)
at java.awt.Container.dispatchEventImpl(Container.java:2085)
at java.awt.Window.dispatchEventImpl(Window.java:2475)
at java.awt.Component.dispatchEvent(Component.java:4413)
at java.awt.EventQueue.dispatchEvent(EventQueue.java:599)
at java.awt.EventDispatchThread.pumpOneEventForFilters(EventDispatchThread.java:269)
at java.awt.EventDispatchThread.pumpEventsForFilter(EventDispatchThread.java:184)
at java.awt.EventDispatchThread.pumpEventsForHierarchy(EventDispatchThread.java:174)
at java.awt.EventDispatchThread.pumpEvents(EventDispatchThread.java:169)
at java.awt.EventDispatchThread.pumpEvents(EventDispatchThread.java:161)
at java.awt.EventDispatchThread.run(EventDispatchThread.java:122)

2010-05-03 12:38:23 [ System Error ]
java.lang.NullPointerException
at org.kamusi.Synchronizer.updateLocalDatabase(Synchronizer.java:423)
at org.kamusi.Synchronizer.updateLocalLog(Synchronizer.java:189)
at org.kamusi.Synchronizer.synchronize(Synchronizer.java:83)
at org.kamusi.MainWindow.synchronizeDatabases(MainWindow.java:1038)
at org.kamusi.MainWindow.access$1400(MainWindow.java:53)
at org.kamusi.MainWindow$4.actionPerformed(MainWindow.java:312)
at javax.swing.AbstractButton.fireActionPerformed(AbstractButton.java:1995)
at javax.swing.AbstractButton$Handler.actionPerformed(AbstractButton.java:2318)
at javax.swing.DefaultButtonModel.fireActionPerformed(DefaultButtonModel.java:387)
at javax.swing.DefaultButtonModel.setPressed(DefaultButtonModel.java:242)
at javax.swing.AbstractButton.doClick(AbstractButton.java:357)
at javax.swing.plaf.basic.BasicMenuItemUI.doClick(BasicMenuItemUI.java:1225)
at javax.swing.plaf.basic.BasicMenuItemUI$Handler.mouseReleased(BasicMenuItemUI.java:1266)
at java.awt.Component.processMouseEvent(Component.java:6216)
at javax.swing.JComponent.processMouseEvent(JComponent.java:3265)
at java.awt.Component.processEvent(Component.java:5981)
at java.awt.Container.processEvent(Container.java:2041)
at java.awt.Component.dispatchEventImpl(Component.java:4583)
at java.awt.Container.dispatchEventImpl(Container.java:2099)
at java.awt.Component.dispatchEvent(Component.java:4413)
at java.awt.LightweightDispatcher.retargetMouseEvent(Container.java:4556)
at java.awt.LightweightDispatcher.processMouseEvent(Container.java:4220)
at java.awt.LightweightDispatcher.dispatchEvent(Container.java:4150)
at java.awt.Container.dispatchEventImpl(Container.java:2085)
at java.awt.Window.dispatchEventImpl(Window.java:2475)
at java.awt.Component.dispatchEvent(Component.java:4413)
at java.awt.EventQueue.dispatchEvent(EventQueue.java:599)
at java.awt.EventDispatchThread.pumpOneEventForFilters(EventDispatchThread.java:269)
at java.awt.EventDispatchThread.pumpEventsForFilter(EventDispatchThread.java:184)
at java.awt.EventDispatchThread.pumpEventsForHierarchy(EventDispatchThread.java:174)
at java.awt.EventDispatchThread.pumpEvents(EventDispatchThread.java:169)
at java.awt.EventDispatchThread.pumpEvents(EventDispatchThread.java:161)
at java.awt.EventDispatchThread.run(EventDispatchThread.java:122)

2010-05-03 12:38:24 UPDATE paldo SET oroot = ? WHERE defn = ? and odefn = ? and nid = ? and onid = ?|dog||indanya|[someone who prevents you from enjoying something that they themselves have no need for, null, 162022, 77171]|arthurbuliva
2010-05-03 12:38:24 UPDATE paldo SET oroot = ? WHERE defn = ? and odefn = ? and nid = ? and onid = ?|dog|indaXX|someone who prevents you from enjoying something that they themselves have no need for~null~162022~77171~|arthurbuliva
2010-05-03 12:38:24 UPDATE paldo SET oroot = ? WHERE defn = ? and odefn = ? and nid = ? and onid = ?|dog|indaXX|someone who prevents you from enjoying something that they themselves have no need for@null@162022@77171|arthurbuliva
2010-05-03 12:38:24 UPDATE paldo SET oroot = ? WHERE defn = ? and odefn = ? and nid = ? and onid = ?|dog|indanya|someone who prevents you from enjoying something that they themselves have no need for@null@162022@77171|arthurbuliva
2010-05-03 12:38:24 DELETE FROM paldo WHERE defn = ? and odefn = ? and nid = ? and onid = ?|[someone who prevents you from enjoying something that they themselves have no need for, null, 162022, 77171]|arthurbuliva
2010-05-03 12:38:24 DELETE FROM paldo WHERE defn = ? and odefn = ? and nid = ? and onid = ?|[someone who prevents you from enjoying something that they themselves have no need for, null, 162022, 77171]|arthurbuliva
2010-05-03 12:38:24 DELETE FROM paldo WHERE defn = ? and odefn = ? and nid = ? and onid = ?|someone who prevents you from enjoying something that they themselves have no need for@null@162022@77171|arthurbuliva
2010-05-03 12:38:24 UPDATE paldo SET oroot = ? WHERE defn = ? and odefn = ? and nid = ? and onid = ?|north|kaskazini.|null@null@28799@79789|arthurbuliva
2010-05-03 12:38:24 You have successfully synchronized your computer with the newest data from kamusi.org!
2010-05-03 12:38:24 [ INFO ] You have successfully synchronized your computer with the newest data from kamusi.org!
2010-05-03 12:45:22 15 results matched for "no" from English
2010-05-03 12:45:23 4 results matched for "north" from English
2010-05-03 12:45:28 Editing database entry from kaskazini to kaskazini.
2010-05-03 12:45:28 Editing ID: [null, null, 28799, 79789]
2010-05-03 12:45:29 [ INFO ] The edit was successful
2010-05-03 12:45:30 Updated edit log
2010-05-03 12:45:30 4 results matched for "north" from English
2010-05-03 14:15:34 [ Mon May 03 14:15:34 EAT 2010 Linux 2.6.32.11-99.fc12.i686 1.6.0_13 Sun Microsystems Inc. ]
2010-05-03 14:15:56 20 results matched for "do" from English
2010-05-03 14:15:56 2 results matched for "dog" from English
2010-05-03 14:15:59 Editing database entry from inda to inda.
2010-05-03 14:15:59 Editing ID: [someone who prevents you from enjoying something that they themselves have no need for, null, 162022, 77171]
2010-05-03 14:16:00 [ INFO ] The edit was successful
2010-05-03 14:16:01 Updated edit log
2010-05-03 14:16:01 2 results matched for "dog" from English
2010-05-03 14:16:25 Posting: update=5550444154452070616C646F20534554206F726F6F74203D203F205748455245206465666E203D203F20616E64206F6465666E203D203F20616E64206E6964203D203F20616E64206F6E6964203D203F7C6E6F7274687C6B61736B617A696E692E7C6E756C6C406E756C6C4032383739394037393738397C61727468757262756C697661 to http://173.203.102.17:8080/kamusiproject/
2010-05-03 14:16:26 Posting: update=5550444154452070616C646F20534554206F726F6F74203D203F205748455245206465666E203D203F20616E64206F6465666E203D203F20616E64206E6964203D203F20616E64206F6E6964203D203F40646F6740696E64612E40736F6D656F6E652077686F2070726576656E747320796F752066726F6D20656E6A6F79696E6720736F6D657468696E6720746861742074686579207468656D73656C7665732068617665206E6F206E65656420666F72406E756C6C403136323032324037373137317C61727468757262756C697661 to http://173.203.102.17:8080/kamusiproject/
2010-05-03 14:16:26 [ System Error ]
java.io.IOException: Server returned HTTP response code: 500 for URL: http://173.203.102.17:8080/kamusiproject/
at sun.net.www.protocol.http.HttpURLConnection.getInputStream(HttpURLConnection.java:1305)
at org.kamusi.Synchronizer.copyLocalToRemote(Synchronizer.java:310)
at org.kamusi.Synchronizer.synchronizeDatabases(Synchronizer.java:106)
at org.kamusi.Synchronizer.synchronize(Synchronizer.java:80)
at org.kamusi.MainWindow.synchronizeDatabases(MainWindow.java:1038)
at org.kamusi.MainWindow.access$1400(MainWindow.java:53)
at org.kamusi.MainWindow$4.actionPerformed(MainWindow.java:312)
at javax.swing.AbstractButton.fireActionPerformed(AbstractButton.java:1995)
at javax.swing.AbstractButton$Handler.actionPerformed(AbstractButton.java:2318)
at javax.swing.DefaultButtonModel.fireActionPerformed(DefaultButtonModel.java:387)
at javax.swing.DefaultButtonModel.setPressed(DefaultButtonModel.java:242)
at javax.swing.AbstractButton.doClick(AbstractButton.java:357)
at javax.swing.plaf.basic.BasicMenuItemUI.doClick(BasicMenuItemUI.java:1225)
at javax.swing.plaf.basic.BasicMenuItemUI$Handler.mouseReleased(BasicMenuItemUI.java:1266)
at java.awt.Component.processMouseEvent(Component.java:6216)
at javax.swing.JComponent.processMouseEvent(JComponent.java:3265)
at java.awt.Component.processEvent(Component.java:5981)
at java.awt.Container.processEvent(Container.java:2041)
at java.awt.Component.dispatchEventImpl(Component.java:4583)
at java.awt.Container.dispatchEventImpl(Container.java:2099)
at java.awt.Component.dispatchEvent(Component.java:4413)
at java.awt.LightweightDispatcher.retargetMouseEvent(Container.java:4556)
at java.awt.LightweightDispatcher.processMouseEvent(Container.java:4220)
at java.awt.LightweightDispatcher.dispatchEvent(Container.java:4150)
at java.awt.Container.dispatchEventImpl(Container.java:2085)
at java.awt.Window.dispatchEventImpl(Window.java:2475)
at java.awt.Component.dispatchEvent(Component.java:4413)
at java.awt.EventQueue.dispatchEvent(EventQueue.java:599)
at java.awt.EventDispatchThread.pumpOneEventForFilters(EventDispatchThread.java:269)
at java.awt.EventDispatchThread.pumpEventsForFilter(EventDispatchThread.java:184)
at java.awt.EventDispatchThread.pumpEventsForHierarchy(EventDispatchThread.java:174)
at java.awt.EventDispatchThread.pumpEvents(EventDispatchThread.java:169)
at java.awt.EventDispatchThread.pumpEvents(EventDispatchThread.java:161)
at java.awt.EventDispatchThread.run(EventDispatchThread.java:122)

2010-05-03 14:16:30 UPDATE paldo SET oroot = ? WHERE defn = ? and odefn = ? and nid = ? and onid = ?|north|kaskazini.|null@null@28799@79789|arthurbuliva
2010-05-03 14:16:30 UPDATE paldo SET oroot = ? WHERE defn = ? and odefn = ? and nid = ? and onid = ?@dog@inda.@someone who prevents you from enjoying something that they themselves have no need for@null@162022@77171|arthurbuliva
2010-05-03 14:16:30 [ System Error ]
java.sql.SQLException: near "@dog": syntax error
at org.sqlite.DB.throwex(DB.java:288)
at org.sqlite.NativeDB.prepare(NativeDB.java:-2)
at org.sqlite.DB.prepare(DB.java:114)
at org.sqlite.PrepStmt.<init>(PrepStmt.java:37)
at org.sqlite.Conn.prepareStatement(Conn.java:231)
at org.sqlite.Conn.prepareStatement(Conn.java:224)
at org.sqlite.Conn.prepareStatement(Conn.java:213)
at org.kamusi.Synchronizer.updateLocalDatabase(Synchronizer.java:399)
at org.kamusi.Synchronizer.updateLocalLog(Synchronizer.java:189)
at org.kamusi.Synchronizer.synchronize(Synchronizer.java:83)
at org.kamusi.MainWindow.synchronizeDatabases(MainWindow.java:1038)
at org.kamusi.MainWindow.access$1400(MainWindow.java:53)
at org.kamusi.MainWindow$4.actionPerformed(MainWindow.java:312)
at javax.swing.AbstractButton.fireActionPerformed(AbstractButton.java:1995)
at javax.swing.AbstractButton$Handler.actionPerformed(AbstractButton.java:2318)
at javax.swing.DefaultButtonModel.fireActionPerformed(DefaultButtonModel.java:387)
at javax.swing.DefaultButtonModel.setPressed(DefaultButtonModel.java:242)
at javax.swing.AbstractButton.doClick(AbstractButton.java:357)
at javax.swing.plaf.basic.BasicMenuItemUI.doClick(BasicMenuItemUI.java:1225)
at javax.swing.plaf.basic.BasicMenuItemUI$Handler.mouseReleased(BasicMenuItemUI.java:1266)
at java.awt.Component.processMouseEvent(Component.java:6216)
at javax.swing.JComponent.processMouseEvent(JComponent.java:3265)
at java.awt.Component.processEvent(Component.java:5981)
at java.awt.Container.processEvent(Container.java:2041)
at java.awt.Component.dispatchEventImpl(Component.java:4583)
at java.awt.Container.dispatchEventImpl(Container.java:2099)
at java.awt.Component.dispatchEvent(Component.java:4413)
at java.awt.LightweightDispatcher.retargetMouseEvent(Container.java:4556)
at java.awt.LightweightDispatcher.processMouseEvent(Container.java:4220)
at java.awt.LightweightDispatcher.dispatchEvent(Container.java:4150)
at java.awt.Container.dispatchEventImpl(Container.java:2085)
at java.awt.Window.dispatchEventImpl(Window.java:2475)
at java.awt.Component.dispatchEvent(Component.java:4413)
at java.awt.EventQueue.dispatchEvent(EventQueue.java:599)
at java.awt.EventDispatchThread.pumpOneEventForFilters(EventDispatchThread.java:269)
at java.awt.EventDispatchThread.pumpEventsForFilter(EventDispatchThread.java:184)
at java.awt.EventDispatchThread.pumpEventsForHierarchy(EventDispatchThread.java:174)
at java.awt.EventDispatchThread.pumpEvents(EventDispatchThread.java:169)
at java.awt.EventDispatchThread.pumpEvents(EventDispatchThread.java:161)
at java.awt.EventDispatchThread.run(EventDispatchThread.java:122)

2010-05-03 14:16:31 [ System Error ]
java.lang.NullPointerException
at org.kamusi.Synchronizer.updateLocalDatabase(Synchronizer.java:423)
at org.kamusi.Synchronizer.updateLocalLog(Synchronizer.java:189)
at org.kamusi.Synchronizer.synchronize(Synchronizer.java:83)
at org.kamusi.MainWindow.synchronizeDatabases(MainWindow.java:1038)
at org.kamusi.MainWindow.access$1400(MainWindow.java:53)
at org.kamusi.MainWindow$4.actionPerformed(MainWindow.java:312)
at javax.swing.AbstractButton.fireActionPerformed(AbstractButton.java:1995)
at javax.swing.AbstractButton$Handler.actionPerformed(AbstractButton.java:2318)
at javax.swing.DefaultButtonModel.fireActionPerformed(DefaultButtonModel.java:387)
at javax.swing.DefaultButtonModel.setPressed(DefaultButtonModel.java:242)
at javax.swing.AbstractButton.doClick(AbstractButton.java:357)
at javax.swing.plaf.basic.BasicMenuItemUI.doClick(BasicMenuItemUI.java:1225)
at javax.swing.plaf.basic.BasicMenuItemUI$Handler.mouseReleased(BasicMenuItemUI.java:1266)
at java.awt.Component.processMouseEvent(Component.java:6216)
at javax.swing.JComponent.processMouseEvent(JComponent.java:3265)
at java.awt.Component.processEvent(Component.java:5981)
at java.awt.Container.processEvent(Container.java:2041)
at java.awt.Component.dispatchEventImpl(Component.java:4583)
at java.awt.Container.dispatchEventImpl(Container.java:2099)
at java.awt.Component.dispatchEvent(Component.java:4413)
at java.awt.LightweightDispatcher.retargetMouseEvent(Container.java:4556)
at java.awt.LightweightDispatcher.processMouseEvent(Container.java:4220)
at java.awt.LightweightDispatcher.dispatchEvent(Container.java:4150)
at java.awt.Container.dispatchEventImpl(Container.java:2085)
at java.awt.Window.dispatchEventImpl(Window.java:2475)
at java.awt.Component.dispatchEvent(Component.java:4413)
at java.awt.EventQueue.dispatchEvent(EventQueue.java:599)
at java.awt.EventDispatchThread.pumpOneEventForFilters(EventDispatchThread.java:269)
at java.awt.EventDispatchThread.pumpEventsForFilter(EventDispatchThread.java:184)
at java.awt.EventDispatchThread.pumpEventsForHierarchy(EventDispatchThread.java:174)
at java.awt.EventDispatchThread.pumpEvents(EventDispatchThread.java:169)
at java.awt.EventDispatchThread.pumpEvents(EventDispatchThread.java:161)
at java.awt.EventDispatchThread.run(EventDispatchThread.java:122)

2010-05-03 14:16:32 You have successfully synchronized your computer with the newest data from kamusi.org!
2010-05-03 14:16:32 [ INFO ] You have successfully synchronized your computer with the newest data from kamusi.org!
2010-05-03 14:20:28 [ Mon May 03 14:20:28 EAT 2010 Linux 2.6.32.11-99.fc12.i686 1.6.0_13 Sun Microsystems Inc. ]
2010-05-03 14:20:31 20 results matched for "do" from English
2010-05-03 14:20:31 2 results matched for "dog" from English
2010-05-03 14:20:34 Editing database entry from inda to inda.
2010-05-03 14:20:34 Editing ID: [someone who prevents you from enjoying something that they themselves have no need for, null, 162022, 77171]
2010-05-03 14:20:35 [ INFO ] The edit was successful
2010-05-03 14:20:36 Updated edit log
2010-05-03 14:20:36 2 results matched for "dog" from English
2010-05-03 14:23:49 [ Mon May 03 14:23:49 EAT 2010 Linux 2.6.32.11-99.fc12.i686 1.6.0_13 Sun Microsystems Inc. ]
2010-05-03 14:25:41 20 results matched for "do" from English
2010-05-03 14:25:41 2 results matched for "dog" from English
2010-05-03 14:25:44 Editing database entry from inda to inda.
2010-05-03 14:25:44 Editing ID: [someone who prevents you from enjoying something that they themselves have no need for, null, 162022, 77171]
2010-05-03 14:25:46 [ INFO ] The edit was successful
2010-05-03 14:25:47 Updated edit log
2010-05-03 14:25:47 2 results matched for "dog" from English
2010-05-03 15:01:31 [ Mon May 03 15:01:31 EAT 2010 Linux 2.6.32.11-99.fc12.i686 1.6.0_13 Sun Microsystems Inc. ]
2010-05-03 15:02:47 20 results matched for "do" from English
2010-05-03 15:02:47 2 results matched for "dog" from English
2010-05-03 15:02:50 Editing database entry from inda to inda.
2010-05-03 15:02:50 Editing ID: [someone who prevents you from enjoying something that they themselves have no need for, null, 162022, 77171]
2010-05-03 15:02:51 [ INFO ] The edit was successful
2010-05-03 15:02:52 Updated edit log
2010-05-03 15:02:52 2 results matched for "dog" from English
2010-05-03 15:03:29 Posting: update=5550444154452070616C646F20534554206F726F6F74203D203F205748455245206465666E203D203F20616E64206F6465666E203D203F20616E64206E6964203D203F20616E64206F6E6964203D203F40646F6740696E64612E40736F6D656F6E652077686F2070726576656E747320796F752066726F6D20656E6A6F79696E6720736F6D657468696E6720746861742074686579207468656D73656C7665732068617665206E6F206E65656420666F72406E756C6C403136323032324037373137314061727468757262756C697661 to http://173.203.102.17:8080/kamusiproject/
2010-05-03 15:03:32 Fetching: http://173.203.102.17:8080/kamusiproject//fetchupdate.jsp?update=1272885392598
2010-05-03 15:03:35 You have successfully synchronized your computer with the newest data from kamusi.org!
2010-05-03 15:03:35 [ INFO ] You have successfully synchronized your computer with the newest data from kamusi.org!
